2019-09-06 22:38:59,405	Inserted 9999 records into collection customers in 3.9333748817443848
2019-09-06 22:38:59,405	Collection now contains 9999 records
2019-09-06 22:39:03,303	Inserted 9999 records into collection products in 3.896415948867798
2019-09-06 22:39:03,303	Collection now contains 9999 records
         4820797 function calls (4739261 primitive calls) in 7.940 seconds

   Ordered by: cumulative time

   ncalls  tottime  percall  cumtime  percall filename:lineno(function)
    122/1    0.001    0.000    7.940    7.940 {built-in method builtins.exec}
        1    0.000    0.000    7.940    7.940 linear.py:12(<module>)
        1    0.197    0.197    7.834    7.834 linear.py:42(import_data)
    19998    0.121    0.000    7.147    0.000 collection.py:646(insert_one)
    19998    0.049    0.000    6.649    0.000 collection.py:600(_insert)
    19998    0.132    0.000    6.574    0.000 collection.py:551(_insert_one)
    19998    0.067    0.000    6.122    0.000 mongo_client.py:1245(_retryable_write)
    19998    0.115    0.000    5.540    0.000 mongo_client.py:1164(_retry_with_session)
    19998    0.064    0.000    3.951    0.000 collection.py:570(_insert_command)
    19999    0.129    0.000    3.857    0.000 pool.py:504(command)
    19999    0.191    0.000    3.698    0.000 network.py:52(command)
    20001    0.088    0.000    2.477    0.000 network.py:169(receive_message)
    40002    0.184    0.000    2.271    0.000 network.py:226(_receive_data_on_socket)
    40002    2.086    0.000    2.086    0.000 {method 'recv_into' of '_socket.socket' objects}
139991/99994    0.073    0.000    1.172    0.000 {built-in method builtins.next}
59996/39998    0.048    0.000    0.786    0.000 contextlib.py:107(__enter__)
    39996    0.055    0.000    0.708    0.000 mongo_client.py:1055(_get_socket)
    20001    0.011    0.000    0.520    0.000 message.py:739(query)
    40000    0.038    0.000    0.519    0.000 pool.py:979(get_socket)
    20001    0.451    0.000    0.508    0.000 {built-in method pymongo._cmessage._query_message}
59996/39998    0.073    0.000    0.444    0.000 contextlib.py:116(__exit__)
    20000    0.026    0.000    0.427    0.000 database.py:251(__getitem__)
    39996    0.021    0.000    0.404    0.000 mongo_client.py:1568(_tmp_session)
    20000    0.205    0.000    0.401    0.000 collection.py:75(__init__)
    20000    0.048    0.000    0.384    0.000 mongo_client.py:1555(_ensure_session)
    20000    0.032    0.000    0.380    0.000 topology.py:217(select_server)
    20000    0.047    0.000    0.336    0.000 mongo_client.py:1506(__start_session)
    20000    0.085    0.000    0.283    0.000 pool.py:1053(return_socket)
    20000    0.021    0.000    0.281    0.000 mongo_client.py:1547(_get_server_session)
    20000    0.056    0.000    0.261    0.000 topology.py:157(select_servers)
    20000    0.100    0.000    0.260    0.000 topology.py:416(get_server_session)
    20000    0.018    0.000    0.251    0.000 mongo_client.py:1046(_get_topology)
    20001    0.039    0.000    0.234    0.000 topology.py:132(open)
    20001    0.219    0.000    0.219    0.000 {method 'sendall' of '_socket.socket' objects}
   202762    0.073    0.000    0.201    0.000 {built-in method builtins.isinstance}
    20013    0.039    0.000    0.197    0.000 son.py:40(__init__)
    19999    0.016    0.000    0.191    0.000 objectid.py:83(__init__)
    20002    0.031    0.000    0.190    0.000 topology.py:460(_ensure_opened)
    20000    0.080    0.000    0.190    0.000 pool.py:1016(_get_socket_no_auth)
    19999    0.136    0.000    0.174    0.000 objectid.py:180(__generate)
   120000    0.043    0.000    0.165    0.000 abc.py:137(__instancecheck__)
    20001    0.045    0.000    0.159    0.000 topology.py:188(_select_servers_loop)
    40027    0.071    0.000    0.158    0.000 son.py:135(update)
    20001    0.029    0.000    0.155    0.000 message.py:1401(unpack_response)
    59996    0.045    0.000    0.147    0.000 contextlib.py:237(helper)
    20000    0.022    0.000    0.137    0.000 thread_util.py:83(release)
    20003    0.013    0.000    0.135    0.000 server.py:40(open)
    20003    0.015    0.000    0.123    0.000 monitor.py:71(open)
   120000    0.084    0.000    0.122    0.000 {built-in method _abc._abc_instancecheck}
    20000    0.041    0.000    0.115    0.000 thread_util.py:63(release)
    20006    0.042    0.000    0.108    0.000 periodic_executor.py:53(open)
    19998    0.022    0.000    0.105    0.000 common.py:447(validate_is_document_type)
    20001    0.104    0.000    0.104    0.000 {built-in method bson._cbson.decode_all}
    144/5    0.001    0.000    0.103    0.021 <frozen importlib._bootstrap>:978(_find_and_load)
    144/5    0.001    0.000    0.103    0.021 <frozen importlib._bootstrap>:948(_find_and_load_unlocked)
    20000    0.038    0.000    0.103    0.000 __init__.py:413(_replace)
    59996    0.086    0.000    0.102    0.000 contextlib.py:81(__init__)
    130/5    0.001    0.000    0.102    0.020 <frozen importlib._bootstrap>:663(_load_unlocked)
    105/5    0.000    0.000    0.102    0.020 <frozen importlib._bootstrap_external>:722(exec_module)
    20002    0.034    0.000    0.102    0.000 topology_description.py:217(apply_selector)
    173/5    0.000    0.000    0.100    0.020 <frozen importlib._bootstrap>:211(_call_with_frames_removed)
    20000    0.042    0.000    0.099    0.000 topology_description.py:193(has_known_servers)
        1    0.000    0.000    0.091    0.091 __init__.py:15(<module>)
    20001    0.057    0.000    0.090    0.000 message.py:1427(unpack)
    20000    0.027    0.000    0.087    0.000 random.py:256(choice)
    20000    0.030    0.000    0.081    0.000 mongo_client.py:1604(_receive_cluster_time)
    20004    0.030    0.000    0.066    0.000 threading.py:1080(is_alive)
    60048    0.056    0.000    0.065    0.000 son.py:57(__setitem__)
    20000    0.017    0.000    0.065    0.000 __init__.py:403(_make)
    20000    0.022    0.000    0.064    0.000 server.py:136(get_socket)
    20001    0.041    0.000    0.062    0.000 threading.py:335(notify)
    20002    0.021    0.000    0.058    0.000 topology_description.py:187(known_servers)
    20001    0.037    0.000    0.056    0.000 random.py:224(_randbelow)
    19/11    0.000    0.000    0.056    0.005 {built-in method builtins.__import__}
        1    0.000    0.000    0.055    0.055 collection.py:15(<module>)
    40223    0.054    0.000    0.054    0.000 {built-in method __new__ of type object at 0x1006c7060}
    19999    0.031    0.000    0.052    0.000 pool.py:1069(_check)
    20013    0.040    0.000    0.050    0.000 son.py:46(__new__)
    20002    0.036    0.000    0.049    0.000 common.py:641(__init__)
    20149    0.010    0.000    0.047    0.000 {built-in method builtins.any}
    20000    0.045    0.000    0.045    0.000 errors.py:27(__init__)
    20000    0.041    0.000    0.045    0.000 topology.py:353(receive_cluster_time)
    80018    0.044    0.000    0.044    0.000 {method 'acquire' of '_thread.lock' objects}
    39999    0.023    0.000    0.044    0.000 topology_description.py:196(<genexpr>)
    20000    0.021    0.000    0.043    0.000 topology.py:185(<listcomp>)
    20000    0.030    0.000    0.042    0.000 thread_util.py:38(acquire)
    19998    0.032    0.000    0.038    0.000 results.py:62(__init__)
20030/20010    0.008    0.000    0.038    0.000 abc.py:141(__subclasscheck__)
   120040    0.038    0.000    0.038    0.000 son.py:77(__iter__)
    40003    0.028    0.000    0.037    0.000 server_description.py:200(is_server_type_known)
    19998    0.034    0.000    0.034    0.000 linear.py:61(<dictcomp>)
    20002    0.017    0.000    0.034    0.000 topology_description.py:190(<listcomp>)
        1    0.000    0.000    0.034    0.034 mongo_client.py:32(<module>)
    20253    0.016    0.000    0.033    0.000 {method 'add' of 'set' objects}
    20004    0.014    0.000    0.030    0.000 threading.py:1038(_wait_for_tstate_lock)
20030/20010    0.022    0.000    0.030    0.000 {built-in method _abc._abc_subclasscheck}
        1    0.000    0.000    0.030    0.030 __init__.py:65(<module>)
    20001    0.028    0.000    0.028    0.000 {method 'unpack' of 'Struct' objects}
        1    0.000    0.000    0.028    0.028 client_options.py:15(<module>)
        1    0.000    0.000    0.027    0.027 pool.py:15(<module>)
    59998    0.025    0.000    0.025    0.000 {built-in method _struct.pack}
  387/275    0.000    0.000    0.025    0.000 <frozen importlib._bootstrap>:1009(_handle_fromlist)
    20002    0.015    0.000    0.024    0.000 py3compat.py:50(itervalues)
   100678    0.024    0.000    0.024    0.000 {method 'get' of 'dict' objects}
    19998    0.013    0.000    0.023    0.000 __init__.py:1310(debug)
    81221    0.023    0.000    0.023    0.000 {built-in method builtins.getattr}
    20001    0.022    0.000    0.022    0.000 message.py:1362(raw_response)
    20004    0.010    0.000    0.022    0.000 threading.py:255(_is_owned)
    20000    0.015    0.000    0.022    0.000 pool.py:720(update_last_checkin_time)
    19998    0.015    0.000    0.021    0.000 helpers.py:211(_check_write_command_response)
      105    0.001    0.000    0.021    0.000 <frozen importlib._bootstrap_external>:793(get_code)
    19998    0.014    0.000    0.019    0.000 mongo_client.py:957(retry_writes)
    80006    0.019    0.000    0.019    0.000 {built-in method posix.getpid}
    20001    0.019    0.000    0.019    0.000 message.py:1356(__init__)
    79992    0.019    0.000    0.019    0.000 write_concern.py:104(acknowledged)
        1    0.000    0.000    0.018    0.018 common.py:16(<module>)
    81709    0.018    0.000    0.018    0.000 {built-in method builtins.hasattr}
      140    0.001    0.000    0.018    0.000 <frozen importlib._bootstrap>:882(_find_spec)
    20000    0.009    0.000    0.017    0.000 topology.py:293(get_server_by_address)
    20000    0.011    0.000    0.017    0.000 pool.py:753(__hash__)
    19999    0.013    0.000    0.017    0.000 pool.py:723(idle_time_seconds)
    40001    0.017    0.000    0.017    0.000 {built-in method builtins.iter}
    19998    0.011    0.000    0.016    0.000 common.py:682(_write_concern_for)
      138    0.000    0.000    0.016    0.000 <frozen importlib._bootstrap_external>:1272(find_spec)
    60003    0.016    0.000    0.016    0.000 {built-in method time.monotonic}
    20001    0.016    0.000    0.016    0.000 helpers.py:101(_check_command_response)
      138    0.001    0.000    0.016    0.000 <frozen importlib._bootstrap_external>:1240(_get_spec)
  130/129    0.000    0.000    0.016    0.000 <frozen importlib._bootstrap>:576(module_from_spec)
        1    0.000    0.000    0.015    0.015 objectid.py:17(<module>)
    40221    0.015    0.000    0.015    0.000 {method 'getrandbits' of '_random.Random' objects}
    20001    0.015    0.000    0.015    0.000 {method 'unpack_from' of 'Struct' objects}
62522/62355    0.013    0.000    0.013    0.000 {built-in method builtins.len}
    80010    0.013    0.000    0.013    0.000 {method 'values' of 'dict' objects}
      105    0.000    0.000    0.012    0.000 <frozen importlib._bootstrap_external>:523(_compile_bytecode)
      329    0.003    0.000    0.012    0.000 <frozen importlib._bootstrap_external>:1356(find_spec)
        1    0.000    0.000    0.012    0.012 auth.py:15(<module>)
       23    0.000    0.000    0.012    0.001 <frozen importlib._bootstrap_external>:1040(create_module)
      105    0.012    0.000    0.012    0.000 {built-in method marshal.loads}
       23    0.011    0.000    0.012    0.001 {built-in method _imp.create_dynamic}
      306    0.006    0.000    0.012    0.000 {built-in method builtins.__build_class__}
    20002    0.010    0.000    0.010    0.000 __init__.py:1568(isEnabledFor)
    40000    0.010    0.000    0.010    0.000 topology_description.py:182(logical_session_timeout_minutes)
    40005    0.010    0.000    0.010    0.000 server_description.py:94(server_type)
    40003    0.010    0.000    0.010    0.000 common.py:665(codec_options)
    62747    0.009    0.000    0.009    0.000 {method 'append' of 'list' objects}
    20000    0.009    0.000    0.009    0.000 pool.py:658(check_auth)
    40000    0.009    0.000    0.009    0.000 database.py:160(name)
    40003    0.009    0.000    0.009    0.000 {method 'release' of '_thread.lock' objects}
    40002    0.009    0.000    0.009    0.000 database.py:155(client)
    39999    0.009    0.000    0.009    0.000 common.py:672(write_concern)
    20008    0.009    0.000    0.009    0.000 {built-in method time.time}
       19    0.000    0.000    0.008    0.000 re.py:232(compile)
       19    0.000    0.000    0.008    0.000 re.py:271(_compile)
    20022    0.008    0.000    0.008    0.000 _collections_abc.py:392(__subclasshook__)
    40004    0.008    0.000    0.008    0.000 topology_description.py:154(topology_type)
        2    0.000    0.000    0.008    0.004 platform.py:1028(system)
        3    0.000    0.000    0.008    0.003 platform.py:890(uname)
        1    0.000    0.000    0.008    0.008 platform.py:747(_syscmd_uname)
       19    0.000    0.000    0.008    0.000 sre_compile.py:759(compile)
    39996    0.008    0.000    0.008    0.000 write_concern.py:89(is_server_default)
        1    0.000    0.000    0.008    0.008 random.py:38(<module>)
        1    0.000    0.000    0.007    0.007 platform.py:10(<module>)
        1    0.000    0.000    0.007    0.007 __init__.py:24(<module>)
        2    0.000    0.000    0.007    0.003 errors.py:15(<module>)
    20037    0.006    0.000    0.006    0.000 {method 'pop' of 'dict' objects}
    20003    0.006    0.000    0.006    0.000 {built-in method builtins.hash}
    20000    0.006    0.000    0.006    0.000 pool.py:383(wait_queue_timeout)
        1    0.000    0.000    0.006    0.006 platform.py:570(mac_ver)
        1    0.000    0.000    0.006    0.006 platform.py:548(_mac_ver_xml)
    20002    0.006    0.000    0.006    0.000 monitoring.py:693(enabled_for_commands)
        1    0.000    0.000    0.006    0.006 hashlib.py:54(<module>)
    19998    0.006    0.000    0.006    0.000 results.py:25(__init__)
        1    0.005    0.005    0.006    0.006 {method 'read' of '_io.TextIOWrapper' objects}
    20001    0.006    0.000    0.006    0.000 pool.py:715(send_cluster_time)
       13    0.000    0.000    0.005    0.000 enum.py:624(_convert)
    19998    0.005    0.000    0.005    0.000 client_options.py:227(retry_writes)
    20002    0.005    0.000    0.005    0.000 topology_description.py:114(check_compatible)
    19999    0.005    0.000    0.005    0.000 pool.py:363(max_idle_time_seconds)
    20008    0.005    0.000    0.005    0.000 threading.py:507(is_set)
    20002    0.005    0.000    0.005    0.000 collation.py:216(validate_collation_or_none)
       19    0.000    0.000    0.005    0.000 sre_parse.py:919(parse)
    20000    0.005    0.000    0.005    0.000 collection.py:305(name)
        1    0.000    0.000    0.005    0.005 ssl.py:91(<module>)
    81/19    0.000    0.000    0.005    0.000 sre_parse.py:417(_parse_sub)
    20026    0.005    0.000    0.005    0.000 {method 'keys' of 'dict' objects}
      105    0.003    0.000    0.005    0.000 <frozen importlib._bootstrap_external>:914(get_data)
    20003    0.005    0.000    0.005    0.000 common.py:707(read_concern)
        1    0.000    0.000    0.004    0.004 plistlib.py:47(<module>)
    88/21    0.002    0.000    0.004    0.000 sre_parse.py:475(_parse)
    20001    0.004    0.000    0.004    0.000 common.py:690(read_preference)
    20002    0.004    0.000    0.004    0.000 server_description.py:89(address)
    20000    0.004    0.000    0.004    0.000 server.py:148(pool)
        1    0.000    0.000    0.004    0.004 socket.py:47(<module>)
      590    0.000    0.000    0.004    0.000 <frozen importlib._bootstrap_external>:74(_path_stat)
       56    0.000    0.000    0.004    0.000 enum.py:281(__call__)
    20000    0.004    0.000    0.004    0.000 {method 'pop' of 'set' objects}
    20001    0.004    0.000    0.004    0.000 settings.py:89(server_selection_timeout)
       14    0.000    0.000    0.004    0.000 enum.py:386(_create_)
    20000    0.004    0.000    0.004    0.000 topology.py:339(_receive_cluster_time_no_lock)
      591    0.004    0.000    0.004    0.000 {built-in method posix.stat}
    19999    0.004    0.000    0.004    0.000 client_session.py:196(_validate_session_write_concern)
    20002    0.004    0.000    0.004    0.000 {method 'bit_length' of 'int' objects}
     1665    0.001    0.000    0.004    0.000 <frozen importlib._bootstrap_external>:56(_path_join)
    20001    0.004    0.000    0.004    0.000 pool.py:691(validate_session)
       17    0.001    0.000    0.003    0.000 enum.py:134(__new__)
    20001    0.003    0.000    0.003    0.000 py3compat.py:59(_unicode)
      130    0.001    0.000    0.003    0.000 <frozen importlib._bootstrap>:504(_init_module_attrs)
        2    0.000    0.000    0.003    0.002 {built-in method builtins.sum}
        2    0.000    0.000    0.003    0.002 linear.py:49(<genexpr>)
        2    0.000    0.000    0.003    0.002 cursor.py:1185(next)
        2    0.000    0.000    0.003    0.002 cursor.py:1076(_refresh)
       19    0.000    0.000    0.003    0.000 sre_compile.py:598(_code)
      396    0.000    0.000    0.003    0.000 <frozen importlib._bootstrap_external>:1203(_path_importer_cache)
        1    0.000    0.000    0.003    0.003 topology.py:15(<module>)
        1    0.000    0.000    0.003    0.003 traceback.py:1(<module>)
        1    0.000    0.000    0.002    0.002 subprocess.py:42(<module>)
       16    0.001    0.000    0.002    0.000 __init__.py:316(namedtuple)
        1    0.000    0.000    0.002    0.002 os.py:977(popen)
        1    0.000    0.000    0.002    0.002 decimal128.py:20(<module>)
       68    0.002    0.000    0.002    0.000 {built-in method posix.getcwd}
        1    0.000    0.000    0.002    0.002 linecache.py:6(<module>)
        1    0.000    0.000    0.002    0.002 ssl_match_hostname.py:4(<module>)
   150/19    0.001    0.000    0.002    0.000 sre_compile.py:71(_compile)
        1    0.000    0.000    0.002    0.002 bulk.py:18(<module>)
        1    0.000    0.000    0.002    0.002 compression_support.py:15(<module>)
      210    0.001    0.000    0.002    0.000 <frozen importlib._bootstrap_external>:271(cache_from_source)
      144    0.000    0.000    0.002    0.000 <frozen importlib._bootstrap>:147(__enter__)
     1665    0.001    0.000    0.002    0.000 <frozen importlib._bootstrap_external>:58(<listcomp>)
        2    0.000    0.000    0.002    0.001 cursor.py:911(__send_message)
        1    0.000    0.000    0.002    0.002 decimal.py:2(<module>)
      233    0.000    0.000    0.002    0.000 <frozen importlib._bootstrap>:403(cached)
        2    0.000    0.000    0.002    0.001 mongo_client.py:1106(_send_message_with_response)
        1    0.000    0.000    0.002    0.002 subprocess.py:637(__init__)
        1    0.000    0.000    0.002    0.002 tokenize.py:21(<module>)
        1    0.000    0.000    0.002    0.002 datetime.py:5(<module>)
        2    0.000    0.000    0.002    0.001 mongo_client.py:1147(_reset_on_error)
        2    0.000    0.000    0.002    0.001 server.py:66(send_message_with_response)
      128    0.000    0.000    0.001    0.000 <frozen importlib._bootstrap_external>:369(_get_cached)
        3    0.000    0.000    0.001    0.000 threading.py:264(wait)
      164    0.000    0.000    0.001    0.000 codecs.py:319(decode)
        1    0.000    0.000    0.001    0.001 subprocess.py:1360(_execute_child)
      189    0.001    0.000    0.001    0.000 <frozen importlib._bootstrap>:157(_get_module_lock)
        1    0.000    0.000    0.001    0.001 mongo_client.py:84(__init__)
        1    0.000    0.000    0.001    0.001 ipaddress.py:9(<module>)
      105    0.001    0.000    0.001    0.000 {method 'read' of '_io.FileIO' objects}
       13    0.000    0.000    0.001    0.000 enum.py:645(<listcomp>)
      149    0.000    0.000    0.001    0.000 <frozen importlib._bootstrap_external>:93(_path_isfile)
       14    0.000    0.000    0.001    0.000 hashlib.py:116(__get_openssl_constructor)
        1    0.000    0.000    0.001    0.001 signal.py:1(<module>)
      156    0.000    0.000    0.001    0.000 <frozen importlib._bootstrap_external>:84(_path_is_mode_type)
      5/4    0.000    0.000    0.001    0.000 {method 'encode' of 'str' objects}
        8    0.000    0.000    0.001    0.000 hashlib.py:73(__get_builtin_constructor)
        1    0.000    0.000    0.001    0.001 __init__.py:71(search_function)
        1    0.000    0.000    0.001    0.001 client_session.py:82(<module>)
        1    0.000    0.000    0.001    0.001 read_preferences.py:15(<module>)
        1    0.000    0.000    0.001    0.001 string.py:15(<module>)
        1    0.000    0.000    0.001    0.001 dbref.py:15(<module>)
     1001    0.001    0.000    0.001    0.000 __init__.py:443(<genexpr>)
        1    0.000    0.000    0.001    0.001 ssl_support.py:15(<module>)
        1    0.001    0.001    0.001    0.001 plistlib.py:389(_PlistWriter)
        1    0.000    0.000    0.001    0.001 parse.py:28(<module>)
       71    0.001    0.000    0.001    0.000 sre_compile.py:276(_optimize_charset)
        1    0.000    0.000    0.001    0.001 selectors.py:5(<module>)
      164    0.001    0.000    0.001    0.000 {built-in method _codecs.utf_8_decode}
        1    0.000    0.000    0.001    0.001 string.py:65(__init__)
       19    0.000    0.000    0.001    0.000 sre_compile.py:536(_compile_info)
        1    0.000    0.000    0.001    0.001 pool.py:958(connect)
      105    0.000    0.000    0.001    0.000 <frozen importlib._bootstrap_external>:951(path_stats)
        1    0.000    0.000    0.001    0.001 monitoring.py:135(<module>)
        4    0.000    0.000    0.001    0.000 __init__.py:1322(info)
      128    0.000    0.000    0.001    0.000 <frozen importlib._bootstrap_external>:1351(_get_spec)
        1    0.000    0.000    0.001    0.001 saslprep.py:15(<module>)
      130    0.001    0.000    0.001    0.000 <frozen importlib._bootstrap>:318(__exit__)
        4    0.000    0.000    0.001    0.000 __init__.py:1445(_log)
      187    0.000    0.000    0.001    0.000 enum.py:69(__setitem__)
        1    0.000    0.000    0.001    0.001 idna.py:3(<module>)
        1    0.000    0.000    0.001    0.001 message.py:21(<module>)
        1    0.000    0.000    0.001    0.001 monotonic.py:16(<module>)
     2002    0.001    0.000    0.001    0.000 {method 'join' of 'str' objects}
        1    0.000    0.000    0.001    0.001 expat.py:1(<module>)
      785    0.000    0.000    0.001    0.000 sre_parse.py:254(get)
        1    0.000    0.000    0.001    0.001 uuid.py:45(<module>)
     1806    0.001    0.000    0.001    0.000 <frozen importlib._bootstrap>:222(_verbose_message)
      144    0.000    0.000    0.001    0.000 <frozen importlib._bootstrap>:151(__exit__)
        4    0.000    0.000    0.001    0.000 __init__.py:1470(handle)
        7    0.000    0.000    0.001    0.000 <frozen importlib._bootstrap_external>:1404(_fill_cache)
     1050    0.000    0.000    0.001    0.000 sre_parse.py:164(__getitem__)
        1    0.000    0.000    0.001    0.001 topology.py:505(_update_servers)
        1    0.000    0.000    0.001    0.001 topology_description.py:15(<module>)
        1    0.001    0.001    0.001    0.001 {built-in method _posixsubprocess.fork_exec}
        4    0.000    0.000    0.001    0.000 __init__.py:1524(callHandlers)
        1    0.000    0.000    0.001    0.001 csv.py:4(<module>)
        1    0.001    0.001    0.001    0.001 {built-in method posix.read}
        1    0.000    0.000    0.001    0.001 pool.py:836(_configured_socket)
        8    0.000    0.000    0.001    0.000 __init__.py:841(handle)
        1    0.000    0.000    0.001    0.001 pool.py:764(_create_connection)
      128    0.000    0.000    0.001    0.000 <frozen importlib._bootstrap_external>:574(spec_from_file_location)
      189    0.001    0.000    0.001    0.000 <frozen importlib._bootstrap>:103(release)
     3540    0.001    0.000    0.001    0.000 {method 'rstrip' of 'str' objects}
   194/63    0.000    0.000    0.001    0.000 sre_parse.py:174(getwidth)
     1051    0.001    0.000    0.001    0.000 sre_parse.py:233(__next)
      189    0.000    0.000    0.001    0.000 <frozen importlib._bootstrap>:78(acquire)
        8    0.000    0.000    0.001    0.000 __init__.py:971(emit)
        1    0.000    0.000    0.001    0.001 queue.py:1(<module>)
       15    0.000    0.000    0.001    0.000 abc.py:125(__new__)
      105    0.000    0.000    0.001    0.000 <frozen importlib._bootstrap_external>:438(_classify_pyc)
        1    0.000    0.000    0.001    0.001 max_staleness_selectors.py:28(<module>)
      263    0.000    0.000    0.001    0.000 enum.py:373(__setattr__)
        1    0.000    0.000    0.001    0.001 stringprep.py:6(<module>)
        1    0.000    0.000    0.000    0.000 database.py:15(<module>)
      306    0.000    0.000    0.000    0.000 {built-in method builtins.setattr}
        1    0.000    0.000    0.000    0.000 ipaddress.py:2250(_IPv6Constants)
        7    0.000    0.000    0.000    0.000 {built-in method posix.listdir}
        1    0.000    0.000    0.000    0.000 struct.py:3(<module>)
     1000    0.000    0.000    0.000    0.000 py3compat.py:36(b)
        2    0.000    0.000    0.000    0.000 threading.py:829(start)
       28    0.000    0.000    0.000    0.000 ipaddress.py:2160(__init__)
        1    0.000    0.000    0.000    0.000 socket.py:731(getaddrinfo)
        1    0.000    0.000    0.000    0.000 settings.py:15(<module>)
        1    0.000    0.000    0.000    0.000 ipaddress.py:1559(_IPv4Constants)
        1    0.000    0.000    0.000    0.000 uri_parser.py:16(<module>)
        1    0.000    0.000    0.000    0.000 {built-in method _socket.getaddrinfo}
        1    0.000    0.000    0.000    0.000 binary.py:15(<module>)
       19    0.000    0.000    0.000    0.000 ipaddress.py:1477(__init__)
      143    0.000    0.000    0.000    0.000 <frozen importlib._bootstrap>:58(__init__)
        1    0.000    0.000    0.000    0.000 copy.py:49(<module>)
        5    0.000    0.000    0.000    0.000 {built-in method io.open}
        2    0.000    0.000    0.000    0.000 __init__.py:1(<module>)
     1086    0.000    0.000    0.000    0.000 {method 'rpartition' of 'str' objects}
        1    0.000    0.000    0.000    0.000 bisect.py:1(<module>)
      210    0.000    0.000    0.000    0.000 <frozen importlib._bootstrap_external>:62(_path_split)
     1663    0.000    0.000    0.000    0.000 {method 'startswith' of 'str' objects}
        1    0.000    0.000    0.000    0.000 pool.py:476(ismaster)
      143    0.000    0.000    0.000    0.000 <frozen importlib._bootstrap>:176(cb)
      105    0.000    0.000    0.000    0.000 <frozen importlib._bootstrap_external>:471(_validate_timestamp_pyc)
       45    0.000    0.000    0.000    0.000 <frozen importlib._bootstrap>:194(_lock_unlock_module)
        1    0.000    0.000    0.000    0.000 threading.py:1(<module>)
        2    0.000    0.000    0.000    0.000 pool.py:603(receive_message)
       44    0.000    0.000    0.000    0.000 sre_parse.py:96(closegroup)
        1    0.000    0.000    0.000    0.000 calendar.py:6(<module>)
        1    0.000    0.000    0.000    0.000 server.py:15(<module>)
        8    0.000    0.000    0.000    0.000 __init__.py:960(flush)
      315    0.000    0.000    0.000    0.000 <frozen importlib._bootstrap_external>:51(_r_long)
       17    0.000    0.000    0.000    0.000 enum.py:124(__prepare__)
        2    0.000    0.000    0.000    0.000 threading.py:534(wait)
        1    0.000    0.000    0.000    0.000 numbers.py:6(<module>)
      335    0.000    0.000    0.000    0.000 {built-in method from_bytes}
        7    0.000    0.000    0.000    0.000 <frozen importlib._bootstrap_external>:1190(_path_hooks)
       48    0.000    0.000    0.000    0.000 enum.py:439(_get_mixins_)
        8    0.000    0.000    0.000    0.000 {method 'flush' of '_io.TextIOWrapper' objects}
      416    0.000    0.000    0.000    0.000 <frozen importlib._bootstrap>:859(__exit__)
        1    0.000    0.000    0.000    0.000 __init__.py:1023(__init__)
        1    0.000    0.000    0.000    0.000 server_type.py:15(<module>)
        1    0.000    0.000    0.000    0.000 plistlib.py:931(load)
        1    0.000    0.000    0.000    0.000 client_options.py:145(__init__)
        1    0.000    0.000    0.000    0.000 os.py:1003(close)
        1    0.000    0.000    0.000    0.000 codec_options.py:15(<module>)
      416    0.000    0.000    0.000    0.000 <frozen importlib._bootstrap>:855(__enter__)
        1    0.000    0.000    0.000    0.000 raw_bson.py:16(<module>)
        8    0.000    0.000    0.000    0.000 __init__.py:818(format)
        4    0.000    0.000    0.000    0.000 __init__.py:1430(makeRecord)
      460    0.000    0.000    0.000    0.000 sre_parse.py:249(match)
        4    0.000    0.000    0.000    0.000 __init__.py:244(__init__)
       17    0.000    0.000    0.000    0.000 enum.py:484(_find_new_)
       63    0.000    0.000    0.000    0.000 sre_parse.py:295(_class_escape)
        8    0.000    0.000    0.000    0.000 __init__.py:556(format)
       15    0.000    0.000    0.000    0.000 {built-in method _abc._abc_init}
        1    0.000    0.000    0.000    0.000 plistlib.py:255(parse)
        2    0.000    0.000    0.000    0.000 pool.py:296(__init__)
     1000    0.000    0.000    0.000    0.000 {built-in method _codecs.latin_1_encode}
        4    0.000    0.000    0.000    0.000 __init__.py:1072(emit)
        1    0.000    0.000    0.000    0.000 hmac.py:4(<module>)
      140    0.000    0.000    0.000    0.000 <frozen importlib._bootstrap>:719(find_spec)
       17    0.000    0.000    0.000    0.000 enum.py:176(<setcomp>)
      945    0.000    0.000    0.000    0.000 {method 'isupper' of 'str' objects}
        1    0.000    0.000    0.000    0.000 {built-in method fromtimestamp}
        7    0.000    0.000    0.000    0.000 <frozen importlib._bootstrap_external>:1445(path_hook_for_FileFinder)
     20/2    0.000    0.000    0.000    0.000 copy.py:132(deepcopy)
        1    0.000    0.000    0.000    0.000 subprocess.py:966(wait)
       20    0.000    0.000    0.000    0.000 ipaddress.py:1116(_ip_int_from_string)
      748    0.000    0.000    0.000    0.000 {built-in method _imp.release_lock}
        1    0.000    0.000    0.000    0.000 operations.py:15(<module>)
        2    0.000    0.000    0.000    0.000 {built-in method _thread.start_new_thread}
      307    0.000    0.000    0.000    0.000 {built-in method _thread.allocate_lock}
        1    0.000    0.000    0.000    0.000 subprocess.py:1569(_wait)
      105    0.000    0.000    0.000    0.000 <frozen importlib._bootstrap_external>:401(_check_name_wrapper)
        1    0.000    0.000    0.000    0.000 {method 'ParseFile' of 'pyexpat.xmlparser' objects}
      336    0.000    0.000    0.000    0.000 {built-in method builtins.issubclass}
      748    0.000    0.000    0.000    0.000 {built-in method _imp.acquire_lock}
      131    0.000    0.000    0.000    0.000 <frozen importlib._bootstrap>:416(parent)
      6/2    0.000    0.000    0.000    0.000 son.py:190(__deepcopy__)
       28    0.000    0.000    0.000    0.000 ipaddress.py:1631(_ip_int_from_string)
       71    0.000    0.000    0.000    0.000 sre_compile.py:249(_compile_charset)
      220    0.000    0.000    0.000    0.000 socket.py:86(<lambda>)
      130    0.000    0.000    0.000    0.000 <frozen importlib._bootstrap>:311(__enter__)
      327    0.000    0.000    0.000    0.000 sre_parse.py:160(__len__)
      261    0.000    0.000    0.000    0.000 sre_parse.py:286(tell)
      105    0.000    0.000    0.000    0.000 <frozen importlib._bootstrap>:35(_new_module)
      218    0.000    0.000    0.000    0.000 socket.py:76(<lambda>)
       19    0.000    0.000    0.000    0.000 enum.py:827(__and__)
      221    0.000    0.000    0.000    0.000 socket.py:91(<lambda>)
      219    0.000    0.000    0.000    0.000 socket.py:81(<lambda>)
        1    0.000    0.000    0.000    0.000 driver_info.py:15(<module>)
      329    0.000    0.000    0.000    0.000 <frozen importlib._bootstrap_external>:36(_relax_case)
      138    0.000    0.000    0.000    0.000 <frozen importlib._bootstrap>:792(find_spec)
        1    0.000    0.000    0.000    0.000 client_options.py:108(_parse_pool_options)
      140    0.000    0.000    0.000    0.000 <frozen importlib._bootstrap>:369(__init__)
      147    0.000    0.000    0.000    0.000 enum.py:18(_is_descriptor)
       74    0.000    0.000    0.000    0.000 sre_compile.py:423(_simple)
        9    0.000    0.000    0.000    0.000 datetime.py:472(__new__)
      327    0.000    0.000    0.000    0.000 {built-in method builtins.min}
        1    0.000    0.000    0.000    0.000 __init__.py:1065(_open)
      188    0.000    0.000    0.000    0.000 enum.py:26(_is_dunder)
      299    0.000    0.000    0.000    0.000 sre_parse.py:172(append)
       11    0.000    0.000    0.000    0.000 sre_compile.py:411(_mk_bitmap)
        1    0.000    0.000    0.000    0.000 topology.py:542(_create_pool_for_monitor)
      105    0.000    0.000    0.000    0.000 {built-in method _imp._fix_co_filename}
        1    0.000    0.000    0.000    0.000 topology.py:66(__init__)
        1    0.000    0.000    0.000    0.000 son.py:19(<module>)
        1    0.000    0.000    0.000    0.000 results.py:15(<module>)
       14    0.000    0.000    0.000    0.000 functools.py:37(update_wrapper)
        1    0.000    0.000    0.000    0.000 cursor.py:15(<module>)
      520    0.000    0.000    0.000    0.000 <frozen importlib._bootstrap>:321(<genexpr>)
      155    0.000    0.000    0.000    0.000 {method 'endswith' of 'str' objects}
       44    0.000    0.000    0.000    0.000 sre_parse.py:84(opengroup)
        3    0.000    0.000    0.000    0.000 threading.py:758(__init__)
        1    0.000    0.000    0.000    0.000 thread_util.py:15(<module>)
       80    0.000    0.000    0.000    0.000 ipaddress.py:1142(_parse_octet)
      389    0.000    0.000    0.000    0.000 {built-in method _thread.get_ident}
        3    0.000    0.000    0.000    0.000 tokenize.py:132(_all_string_prefixes)
        2    0.000    0.000    0.000    0.000 collection.py:1266(find)
        1    0.000    0.000    0.000    0.000 collation.py:18(<module>)
    25/16    0.000    0.000    0.000    0.000 sre_compile.py:461(_get_literal_prefix)
       56    0.000    0.000    0.000    0.000 sre_parse.py:343(_escape)
        8    0.000    0.000    0.000    0.000 __init__.py:489(formatTime)
        2    0.000    0.000    0.000    0.000 message.py:305(get_message)
       42    0.000    0.000    0.000    0.000 enum.py:537(__new__)
        1    0.000    0.000    0.000    0.000 change_stream.py:15(<module>)
        2    0.000    0.000    0.000    0.000 cursor.py:112(__init__)
      358    0.000    0.000    0.000    0.000 {built-in method posix.fspath}
        1    0.000    0.000    0.000    0.000 son_manipulator.py:34(<module>)
      144    0.000    0.000    0.000    0.000 <frozen importlib._bootstrap>:143(__init__)
        1    0.000    0.000    0.000    0.000 min_key.py:16(<module>)
      187    0.000    0.000    0.000    0.000 enum.py:34(_is_sunder)
       14    0.000    0.000    0.000    0.000 {method 'sort' of 'list' objects}
        1    0.000    0.000    0.000    0.000 random.py:88(__init__)
        1    0.000    0.000    0.000    0.000 mongo_client.py:77(MongoClient)
        1    0.000    0.000    0.000    0.000 subprocess.py:1503(_handle_exitstatus)
        1    0.000    0.000    0.000    0.000 random.py:97(seed)
       23    0.000    0.000    0.000    0.000 <frozen importlib._bootstrap_external>:1048(exec_module)
        7    0.000    0.000    0.000    0.000 <frozen importlib._bootstrap_external>:1319(__init__)
       67    0.000    0.000    0.000    0.000 signal.py:10(<lambda>)
       69    0.000    0.000    0.000    0.000 {built-in method _imp.is_builtin}
        1    0.000    0.000    0.000    0.000 {method 'connect' of '_socket.socket' objects}
      130    0.000    0.000    0.000    0.000 <frozen importlib._bootstrap>:307(__init__)
        1    0.000    0.000    0.000    0.000 collection.py:71(Collection)
       11    0.000    0.000    0.000    0.000 sre_compile.py:413(<listcomp>)
      166    0.000    0.000    0.000    0.000 sre_parse.py:111(__init__)
      263    0.000    0.000    0.000    0.000 {method 'get' of 'mappingproxy' objects}
        1    0.000    0.000    0.000    0.000 {function Random.seed at 0x100d1c730}
        7    0.000    0.000    0.000    0.000 <frozen importlib._bootstrap_external>:98(_path_isdir)
       28    0.000    0.000    0.000    0.000 ipaddress.py:1613(_make_netmask)
       17    0.000    0.000    0.000    0.000 {method 'mro' of 'type' objects}
       19    0.000    0.000    0.000    0.000 sre_parse.py:224(__init__)
        1    0.000    0.000    0.000    0.000 {built-in method posix.WIFSIGNALED}
        5    0.000    0.000    0.000    0.000 contextlib.py:210(contextmanager)
       29    0.000    0.000    0.000    0.000 sre_parse.py:258(getwhile)
        4    0.000    0.000    0.000    0.000 codec_options.py:104(__new__)
      105    0.000    0.000    0.000    0.000 <frozen importlib._bootstrap_external>:884(__init__)
        4    0.000    0.000    0.000    0.000 abc.py:130(register)
      138    0.000    0.000    0.000    0.000 {built-in method _imp.is_frozen}
       43    0.000    0.000    0.000    0.000 sre_parse.py:408(_uniq)
        4    0.000    0.000    0.000    0.000 {built-in method _abc._abc_register}
        1    0.000    0.000    0.000    0.000 token.py:1(<module>)
        1    0.000    0.000    0.000    0.000 server_description.py:15(<module>)
        1    0.000    0.000    0.000    0.000 settings.py:28(TopologySettings)
        7    0.000    0.000    0.000    0.000 <frozen importlib._bootstrap_external>:1433(<setcomp>)
       17    0.000    0.000    0.000    0.000 enum.py:63(__init__)
        3    0.000    0.000    0.000    0.000 __init__.py:763(__init__)
        1    0.000    0.000    0.000    0.000 objectid.py:70(ObjectId)
       47    0.000    0.000    0.000    0.000 ipaddress.py:158(_split_optional_netmask)
        1    0.000    0.000    0.000    0.000 enum.py:821(__or__)
        1    0.000    0.000    0.000    0.000 max_key.py:16(<module>)
        1    0.000    0.000    0.000    0.000 network.py:15(<module>)
        1    0.000    0.000    0.000    0.000 settings.py:113(get_server_descriptions)
      136    0.000    0.000    0.000    0.000 {method 'issuperset' of 'frozenset' objects}
        3    0.000    0.000    0.000    0.000 codecs.py:309(__init__)
        1    0.000    0.000    0.000    0.000 os.py:40(_get_exports_list)
        1    0.000    0.000    0.000    0.000 command_cursor.py:15(<module>)
      195    0.000    0.000    0.000    0.000 {method 'find' of 'bytearray' objects}
        1    0.000    0.000    0.000    0.000 settings.py:116(<listcomp>)
      126    0.000    0.000    0.000    0.000 sre_parse.py:81(groups)
       10    0.000    0.000    0.000    0.000 sre_parse.py:267(getuntil)
        1    0.000    0.000    0.000    0.000 threading.py:1166(__init__)
        1    0.000    0.000    0.000    0.000 posixpath.py:369(abspath)
        2    0.000    0.000    0.000    0.000 pool.py:887(__init__)
      120    0.000    0.000    0.000    0.000 ssl.py:139(<lambda>)
       31    0.000    0.000    0.000    0.000 {method 'update' of 'dict' objects}
      111    0.000    0.000    0.000    0.000 {method 'split' of 'str' objects}
        1    0.000    0.000    0.000    0.000 server_description.py:51(__init__)
        2    0.000    0.000    0.000    0.000 __init__.py:949(__init__)
       51    0.000    0.000    0.000    0.000 {method 'extend' of 'list' objects}
       18    0.000    0.000    0.000    0.000 enum.py:332(__getattr__)
        4    0.000    0.000    0.000    0.000 _bootlocale.py:33(getpreferredencoding)
        4    0.000    0.000    0.000    0.000 functools.py:476(decorating_function)
        1    0.000    0.000    0.000    0.000 enum.py:784(_missing_)
        4    0.000    0.000    0.000    0.000 ssl.py:356(__new__)
        1    0.000    0.000    0.000    0.000 helpers.py:15(<module>)
        1    0.000    0.000    0.000    0.000 token.py:78(<dictcomp>)
      120    0.000    0.000    0.000    0.000 ssl.py:149(<lambda>)
        1    0.000    0.000    0.000    0.000 enum.py:791(_create_pseudo_member_)
        2    0.000    0.000    0.000    0.000 message.py:276(as_command)
        1    0.000    0.000    0.000    0.000 ismaster.py:15(<module>)
       19    0.000    0.000    0.000    0.000 ipaddress.py:1092(_make_netmask)
       14    0.000    0.000    0.000    0.000 plistlib.py:269(handle_end_element)
        1    0.000    0.000    0.000    0.000 settings.py:29(__init__)
        1    0.000    0.000    0.000    0.000 monitor.py:15(<module>)
      257    0.000    0.000    0.000    0.000 hmac.py:18(<genexpr>)
      120    0.000    0.000    0.000    0.000 ssl.py:124(<lambda>)
      120    0.000    0.000    0.000    0.000 ssl.py:144(<lambda>)
      120    0.000    0.000    0.000    0.000 ssl.py:129(<lambda>)
      120    0.000    0.000    0.000    0.000 ssl.py:134(<lambda>)
       19    0.000    0.000    0.000    0.000 {built-in method _sre.compile}
        4    0.000    0.000    0.000    0.000 __init__.py:1400(findCaller)
        1    0.000    0.000    0.000    0.000 tz_util.py:15(<module>)
       31    0.000    0.000    0.000    0.000 ipaddress.py:1735(_parse_hextet)
       23    0.000    0.000    0.000    0.000 {method 'format' of 'str' objects}
        6    0.000    0.000    0.000    0.000 threading.py:216(__init__)
        1    0.000    0.000    0.000    0.000 codec_options.py:150(with_options)
        1    0.000    0.000    0.000    0.000 ipaddress.py:1262(IPv4Address)
        1    0.000    0.000    0.000    0.000 response.py:15(<module>)
        1    0.000    0.000    0.000    0.000 ssl.py:158(TLSVersion)
        2    0.000    0.000    0.000    0.000 {built-in method posix.uname}
        4    0.000    0.000    0.000    0.000 mongo_client.py:520(<genexpr>)
        1    0.000    0.000    0.000    0.000 uri_parser.py:308(parse_uri)
       77    0.000    0.000    0.000    0.000 sre_parse.py:168(__setitem__)
        2    0.000    0.000    0.000    0.000 common.py:439(validate_is_mapping)
       16    0.000    0.000    0.000    0.000 {built-in method builtins.repr}
        2    0.000    0.000    0.000    0.000 functools.py:186(total_ordering)
        4    0.000    0.000    0.000    0.000 {built-in method _ssl.txt2obj}
       30    0.000    0.000    0.000    0.000 ipaddress.py:1268(__init__)
        3    0.000    0.000    0.000    0.000 {built-in method posix.close}
        1    0.000    0.000    0.000    0.000 objectid.py:55(_machine_bytes)
       47    0.000    0.000    0.000    0.000 ipaddress.py:607(__init__)
        8    0.000    0.000    0.000    0.000 {built-in method time.strftime}
       17    0.000    0.000    0.000    0.000 enum.py:151(<dictcomp>)
        1    0.000    0.000    0.000    0.000 enum.py:863(_decompose)
        2    0.000    0.000    0.000    0.000 message.py:181(_gen_find_command)
       43    0.000    0.000    0.000    0.000 ipaddress.py:1883(__init__)
        1    0.000    0.000    0.000    0.000 mongo_replica_set_client.py:15(<module>)
      257    0.000    0.000    0.000    0.000 hmac.py:17(<genexpr>)
       39    0.000    0.000    0.000    0.000 {method 'replace' of 'str' objects}
        2    0.000    0.000    0.000    0.000 cursor.py:1066(_unpack_response)
        1    0.000    0.000    0.000    0.000 cursor_manager.py:28(<module>)
        8    0.000    0.000    0.000    0.000 __init__.py:322(getMessage)
        1    0.000    0.000    0.000    0.000 py3compat.py:15(<module>)
        1    0.000    0.000    0.000    0.000 read_concern.py:15(<module>)
       14    0.000    0.000    0.000    0.000 sre_compile.py:492(_get_charset_prefix)
        3    0.000    0.000    0.000    0.000 common.py:595(validate)
      133    0.000    0.000    0.000    0.000 enum.py:650(<lambda>)
        1    0.000    0.000    0.000    0.000 core.py:9(<module>)
        1    0.000    0.000    0.000    0.000 __future__.py:48(<module>)
        1    0.000    0.000    0.000    0.000 {built-in method builtins.dir}
        8    0.000    0.000    0.000    0.000 {built-in method time.localtime}
      130    0.000    0.000    0.000    0.000 <frozen importlib._bootstrap>:424(has_location)
        3    0.000    0.000    0.000    0.000 threading.py:499(__init__)
        1    0.000    0.000    0.000    0.000 write_concern.py:15(<module>)
        2    0.000    0.000    0.000    0.000 platform.py:1220(python_implementation)
        1    0.000    0.000    0.000    0.000 {method 'strftime' of 'datetime.date' objects}
        1    0.000    0.000    0.000    0.000 code.py:16(<module>)
        1    0.000    0.000    0.000    0.000 server_selectors.py:15(<module>)
       25    0.000    0.000    0.000    0.000 ipaddress.py:476(_prefix_from_prefix_string)
        1    0.000    0.000    0.000    0.000 regex.py:16(<module>)
        1    0.000    0.000    0.000    0.000 timestamp.py:16(<module>)
        1    0.000    0.000    0.000    0.000 mongo_client.py:1314(__getitem__)
        1    0.000    0.000    0.000    0.000 periodic_executor.py:15(<module>)
        2    0.000    0.000    0.000    0.000 platform.py:1116(_sys_version)
        2    0.000    0.000    0.000    0.000 {built-in method posix.pipe}
        1    0.000    0.000    0.000    0.000 {method 'close' of '_io.TextIOWrapper' objects}
      105    0.000    0.000    0.000    0.000 <frozen importlib._bootstrap_external>:909(get_filename)
        1    0.000    0.000    0.000    0.000 int64.py:15(<module>)
       91    0.000    0.000    0.000    0.000 __init__.py:388(<genexpr>)
       38    0.000    0.000    0.000    0.000 sre_compile.py:595(isstring)
        3    0.000    0.000    0.000    0.000 datetime.py:1496(__new__)
        1    0.000    0.000    0.000    0.000 datetime.py:2097(timezone)
        1    0.000    0.000    0.000    0.000 __init__.py:1879(getLogger)
        1    0.000    0.000    0.000    0.000 uuid.py:63(SafeUUID)
       28    0.000    0.000    0.000    0.000 son.py:85(iteritems)
        1    0.000    0.000    0.000    0.000 subprocess.py:1556(_try_wait)
        1    0.000    0.000    0.000    0.000 cProfile.py:5(<module>)
        1    0.000    0.000    0.000    0.000 database.py:58(__init__)
        1    0.000    0.000    0.000    0.000 pool.py:438(metadata)
        1    0.000    0.000    0.000    0.000 subprocess.py:1306(_get_handles)
        4    0.000    0.000    0.000    0.000 uuid.py:121(__init__)
        1    0.000    0.000    0.000    0.000 son.py:69(copy)
      101    0.000    0.000    0.000    0.000 {method 'isidentifier' of 'str' objects}
        4    0.000    0.000    0.000    0.000 posixpath.py:121(splitext)
       22    0.000    0.000    0.000    0.000 types.py:164(__get__)
       64    0.000    0.000    0.000    0.000 sre_compile.py:65(_combine_flags)
        1    0.000    0.000    0.000    0.000 {built-in method _hashlib.openssl_sha1}
        1    0.000    0.000    0.000    0.000 parse.py:348(_fix_result_transcoding)
        2    0.000    0.000    0.000    0.000 pool.py:586(send_message)
        1    0.000    0.000    0.000    0.000 topology.py:539(_create_pool_for_server)
      147    0.000    0.000    0.000    0.000 {method 'items' of 'collections.OrderedDict' objects}
      105    0.000    0.000    0.000    0.000 <frozen importlib._bootstrap_external>:719(create_module)
      223    0.000    0.000    0.000    0.000 {built-in method builtins.ord}
        9    0.000    0.000    0.000    0.000 {built-in method builtins.round}
        2    0.000    0.000    0.000    0.000 <frozen importlib._bootstrap>:433(spec_from_loader)
        1    0.000    0.000    0.000    0.000 enum.py:881(<listcomp>)
       19    0.000    0.000    0.000    0.000 sre_parse.py:903(fix_flags)
        2    0.000    0.000    0.000    0.000 thread_util.py:124(create_semaphore)
        2    0.000    0.000    0.000    0.000 <frozen importlib._bootstrap>:740(create_module)
        1    0.000    0.000    0.000    0.000 os.py:44(<listcomp>)
        2    0.000    0.000    0.000    0.000 functools.py:189(<setcomp>)
       24    0.000    0.000    0.000    0.000 tokenize.py:143(<listcomp>)
        1    0.000    0.000    0.000    0.000 common.py:416(validate_document_class)
        1    0.000    0.000    0.000    0.000 pool.py:286(PoolOptions)
        1    0.000    0.000    0.000    0.000 pool.py:445(SocketInfo)
       39    0.000    0.000    0.000    0.000 plistlib.py:274(handle_data)
        1    0.000    0.000    0.000    0.000 monitor.py:28(__init__)
        2    0.000    0.000    0.000    0.000 sre_compile.py:416(_bytes_to_codes)
        3    0.000    0.000    0.000    0.000 __init__.py:744(_addHandlerRef)
        1    0.000    0.000    0.000    0.000 __init__.py:1170(getLogger)
        3    0.000    0.000    0.000    0.000 {built-in method now}
        1    0.000    0.000    0.000    0.000 calendar.py:50(_localized_month)
        1    0.000    0.000    0.000    0.000 ssl.py:372(Purpose)
        1    0.000    0.000    0.000    0.000 read_preferences.py:385(ReadPreference)
        1    0.000    0.000    0.000    0.000 pool.py:886(Pool)
       99    0.000    0.000    0.000    0.000 {method 'lower' of 'str' objects}
        1    0.000    0.000    0.000    0.000 {built-in method posix.waitpid}
       47    0.000    0.000    0.000    0.000 enum.py:195(<genexpr>)
        8    0.000    0.000    0.000    0.000 __init__.py:534(usesTime)
        1    0.000    0.000    0.000    0.000 __init__.py:1094(__init__)
        1    0.000    0.000    0.000    0.000 codec_options.py:174(_parse_codec_options)
        1    0.000    0.000    0.000    0.000 uri_parser.py:238(split_hosts)
        1    0.000    0.000    0.000    0.000 client_options.py:42(_parse_read_preference)
        2    0.000    0.000    0.000    0.000 thread_util.py:79(__init__)
        4    0.000    0.000    0.000    0.000 posixpath.py:144(basename)
        8    0.000    0.000    0.000    0.000 __init__.py:540(formatMessage)
        1    0.000    0.000    0.000    0.000 {built-in method _hashlib.openssl_md5}
        1    0.000    0.000    0.000    0.000 ipaddress.py:1877(IPv6Address)
       14    0.000    0.000    0.000    0.000 plistlib.py:263(handle_begin_element)
        4    0.000    0.000    0.000    0.000 {built-in method _locale.nl_langinfo}
       19    0.000    0.000    0.000    0.000 sre_parse.py:76(__init__)
        2    0.000    0.000    0.000    0.000 __init__.py:463(__init__)
        1    0.000    0.000    0.000    0.000 abc.py:1(<module>)
        1    0.000    0.000    0.000    0.000 numbers.py:32(Complex)
        1    0.000    0.000    0.000    0.000 database.py:54(Database)
        6    0.000    0.000    0.000    0.000 plistlib.py:337(end_string)
       91    0.000    0.000    0.000    0.000 {method '__contains__' of 'frozenset' objects}
        5    0.000    0.000    0.000    0.000 posixpath.py:52(normcase)
        1    0.000    0.000    0.000    0.000 genericpath.py:16(exists)
        1    0.000    0.000    0.000    0.000 datetime.py:1488(datetime)
        9    0.000    0.000    0.000    0.000 __init__.py:212(_acquireLock)
       16    0.000    0.000    0.000    0.000 __init__.py:798(acquire)
        1    0.000    0.000    0.000    0.000 objectid.py:40(_fnv_1a_24)
        2    0.000    0.000    0.000    0.000 idna.py:147(encode)
        1    0.000    0.000    0.000    0.000 {built-in method pyexpat.ParserCreate}
        2    0.000    0.000    0.000    0.000 {built-in method _imp.create_builtin}
       23    0.000    0.000    0.000    0.000 <frozen importlib._bootstrap_external>:1029(__init__)
       46    0.000    0.000    0.000    0.000 abc.py:7(abstractmethod)
        5    0.000    0.000    0.000    0.000 datetime.py:395(_check_date_fields)
        3    0.000    0.000    0.000    0.000 {built-in method _csv.register_dialect}
        1    0.000    0.000    0.000    0.000 __init__.py:1303(setLevel)
       20    0.000    0.000    0.000    0.000 tokenize.py:107(group)
        1    0.000    0.000    0.000    0.000 base64.py:3(<module>)
        1    0.000    0.000    0.000    0.000 ssl.py:781(SSLSocket)
        1    0.000    0.000    0.000    0.000 cursor.py:106(Cursor)
        1    0.000    0.000    0.000    0.000 uri_parser.py:127(parse_host)
       25    0.000    0.000    0.000    0.000 {method 'acquire' of '_thread.RLock' objects}
        5    0.000    0.000    0.000    0.000 datetime.py:408(_check_time_fields)
        1    0.000    0.000    0.000    0.000 threading.py:513(set)
        1    0.000    0.000    0.000    0.000 socket.py:139(__init__)
        1    0.000    0.000    0.000    0.000 ssl.py:379(SSLContext)
        2    0.000    0.000    0.000    0.000 thread_util.py:32(__init__)
        1    0.000    0.000    0.000    0.000 idna.py:300(getregentry)
        1    0.000    0.000    0.000    0.000 topology_description.py:33(__init__)
       10    0.000    0.000    0.000    0.000 functools.py:67(wraps)
        1    0.000    0.000    0.000    0.000 pool.py:175(_set_keepalive_times)
        1    0.000    0.000    0.000    0.000 subprocess.py:589(Popen)
       72    0.000    0.000    0.000    0.000 ipaddress.py:417(_check_int_address)
        6    0.000    0.000    0.000    0.000 plistlib.py:311(end_key)
        1    0.000    0.000    0.000    0.000 server_description.py:33(ServerDescription)
       23    0.000    0.000    0.000    0.000 {built-in method _imp.exec_dynamic}
       15    0.000    0.000    0.000    0.000 enum.py:357(__members__)
       35    0.000    0.000    0.000    0.000 datetime.py:378(_check_int_field)
        2    0.000    0.000    0.000    0.000 datetime.py:1176(__new__)
        2    0.000    0.000    0.000    0.000 {built-in method math.log}
        8    0.000    0.000    0.000    0.000 __init__.py:383(format)
        1    0.000    0.000    0.000    0.000 __init__.py:1275(Logger)
        1    0.000    0.000    0.000    0.000 threading.py:739(Thread)
        1    0.000    0.000    0.000    0.000 calendar.py:52(<listcomp>)
        1    0.000    0.000    0.000    0.000 numbers.py:147(Real)
        6    0.000    0.000    0.000    0.000 read_preferences.py:90(__init__)
        2    0.000    0.000    0.000    0.000 read_preferences.py:203(__init__)
        1    0.000    0.000    0.000    0.000 client_options.py:141(ClientOptions)
        3    0.000    0.000    0.000    0.000 pool.py:162(_set_tcp_option)
        1    0.000    0.000    0.000    0.000 ipaddress.py:1066(_BaseV4)
       20    0.000    0.000    0.000    0.000 {built-in method sys._getframe}
       56    0.000    0.000    0.000    0.000 <frozen importlib._bootstrap_external>:1325(<genexpr>)
        1    0.000    0.000    0.000    0.000 posixpath.py:154(dirname)
        4    0.000    0.000    0.000    0.000 genericpath.py:117(_splitext)
       39    0.000    0.000    0.000    0.000 sre_compile.py:453(_get_iscased)
        2    0.000    0.000    0.000    0.000 datetime.py:803(__new__)
        8    0.000    0.000    0.000    0.000 __init__.py:380(usesTime)
       16    0.000    0.000    0.000    0.000 __init__.py:805(release)
        1    0.000    0.000    0.000    0.000 uuid.py:69(UUID)
        1    0.000    0.000    0.000    0.000 socket.py:133(socket)
        1    0.000    0.000    0.000    0.000 read_preferences.py:364(make_read_preference)
        2    0.000    0.000    0.000    0.000 ismaster.py:51(__init__)
        2    0.000    0.000    0.000    0.000 network.py:256(__init__)
       18    0.000    0.000    0.000    0.000 {method 'setdefault' of 'dict' objects}
        1    0.000    0.000    0.000    0.000 {method 'union' of 'set' objects}
        1    0.000    0.000    0.000    0.000 posixpath.py:331(normpath)
        1    0.000    0.000    0.000    0.000 datetime.py:645(__neg__)
        1    0.000    0.000    0.000    0.000 datetime.py:453(timedelta)
        9    0.000    0.000    0.000    0.000 __init__.py:221(_releaseLock)
        3    0.000    0.000    0.000    0.000 __init__.py:792(createLock)
        1    0.000    0.000    0.000    0.000 son.py:32(SON)
        1    0.000    0.000    0.000    0.000 random.py:218(randint)
        1    0.000    0.000    0.000    0.000 random.py:72(Random)
        1    0.000    0.000    0.000    0.000 ssl.py:631(SSLObject)
        1    0.000    0.000    0.000    0.000 client_session.py:267(ClientSession)
       25    0.000    0.000    0.000    0.000 ipaddress.py:433(_ip_int_from_prefix)
        1    0.000    0.000    0.000    0.000 ipaddress.py:598(_BaseNetwork)
       18    0.000    0.000    0.000    0.000 {built-in method builtins.globals}
        2    0.000    0.000    0.000    0.000 re.py:252(escape)
        1    0.000    0.000    0.000    0.000 weakref.py:102(__init__)
        3    0.000    0.000    0.000    0.000 _weakrefset.py:81(add)
        1    0.000    0.000    0.000    0.000 datetime.py:773(date)
        2    0.000    0.000    0.000    0.000 __init__.py:1290(__init__)
        6    0.000    0.000    0.000    0.000 copy.py:252(_keep_alive)
        2    0.000    0.000    0.000    0.000 socket.py:97(_intenum_converter)
        1    0.000    0.000    0.000    0.000 {built-in method _socket.gethostname}
        1    0.000    0.000    0.000    0.000 pool.py:114(_set_non_inheritable_non_atomic)
       68    0.000    0.000    0.000    0.000 signal.py:17(<lambda>)
        1    0.000    0.000    0.000    0.000 ipaddress.py:1462(IPv4Network)
        1    0.000    0.000    0.000    0.000 ipaddress.py:1593(_BaseV6)
        1    0.000    0.000    0.000    0.000 topology.py:64(Topology)
       15    0.000    0.000    0.000    0.000 {method 'setter' of 'property' objects}
       45    0.000    0.000    0.000    0.000 {built-in method builtins.divmod}
        3    0.000    0.000    0.000    0.000 codecs.py:260(__init__)
        1    0.000    0.000    0.000    0.000 os.py:1000(__init__)
        1    0.000    0.000    0.000    0.000 datetime.py:1151(time)
        1    0.000    0.000    0.000    0.000 __init__.py:1258(_clear_cache)
        1    0.000    0.000    0.000    0.000 random.py:174(randrange)
        2    0.000    0.000    0.000    0.000 message.py:235(__init__)
        7    0.000    0.000    0.000    0.000 plistlib.py:277(add_object)
       12    0.000    0.000    0.000    0.000 plistlib.py:293(get_data)
       11    0.000    0.000    0.000    0.000 {method 'translate' of 'bytearray' objects}
        9    0.000    0.000    0.000    0.000 {method 'find' of 'str' objects}
       36    0.000    0.000    0.000    0.000 {method 'upper' of 'str' objects}
       34    0.000    0.000    0.000    0.000 {built-in method builtins.id}
        1    0.000    0.000    0.000    0.000 {method 'read' of '_io.BufferedReader' objects}
       16    0.000    0.000    0.000    0.000 {method 'write' of '_io.TextIOWrapper' objects}
        1    0.000    0.000    0.000    0.000 __init__.py:43(normalize_encoding)
        2    0.000    0.000    0.000    0.000 linear.py:59(<listcomp>)
        4    0.000    0.000    0.000    0.000 __init__.py:154(<lambda>)
        2    0.000    0.000    0.000    0.000 {built-in method _csv.reader}
        1    0.000    0.000    0.000    0.000 threading.py:358(notify_all)
        6    0.000    0.000    0.000    0.000 threading.py:1206(current_thread)
        1    0.000    0.000    0.000    0.000 numbers.py:294(Integral)
        1    0.000    0.000    0.000    0.000 min_key.py:19(MinKey)
        1    0.000    0.000    0.000    0.000 common.py:634(BaseObject)
        2    0.000    0.000    0.000    0.000 periodic_executor.py:26(__init__)
       69    0.000    0.000    0.000    0.000 signal.py:22(<lambda>)
        1    0.000    0.000    0.000    0.000 ismaster.py:48(IsMaster)
       94    0.000    0.000    0.000    0.000 ipaddress.py:550(__int__)
        1    0.000    0.000    0.000    0.000 topology_description.py:32(TopologyDescription)
       25    0.000    0.000    0.000    0.000 {method 'release' of '_thread.RLock' objects}
        2    0.000    0.000    0.000    0.000 sre_compile.py:432(_generate_overlap_table)
        2    0.000    0.000    0.000    0.000 sre_parse.py:843(_parse_flags)
       12    0.000    0.000    0.000    0.000 __init__.py:697(filter)
        1    0.000    0.000    0.000    0.000 __init__.py:1221(_fixupParents)
        2    0.000    0.000    0.000    0.000 __init__.py:1480(addHandler)
        1    0.000    0.000    0.000    0.000 monitoring.py:671(__init__)
        1    0.000    0.000    0.000    0.000 message.py:227(_Query)
        2    0.000    0.000    0.000    0.000 cursor.py:1069(_read_preference)
        1    0.000    0.000    0.000    0.000 operations.py:224(UpdateOne)
        1    0.000    0.000    0.000    0.000 results.py:94(UpdateResult)
        1    0.000    0.000    0.000    0.000 client_options.py:54(_parse_write_concern)
        1    0.000    0.000    0.000    0.000 ismaster.py:76(all_hosts)
        1    0.000    0.000    0.000    0.000 ipaddress.py:385(_IPAddressBase)
        2    0.000    0.000    0.000    0.000 {method 'tolist' of 'memoryview' objects}
       13    0.000    0.000    0.000    0.000 {method 'rfind' of 'str' objects}
       17    0.000    0.000    0.000    0.000 {method 'strip' of 'str' objects}
       72    0.000    0.000    0.000    0.000 {built-in method builtins.abs}
       19    0.000    0.000    0.000    0.000 {built-in method builtins.vars}
       16    0.000    0.000    0.000    0.000 {built-in method sys.intern}
        2    0.000    0.000    0.000    0.000 <frozen importlib._bootstrap>:232(_requires_builtin_wrapper)
        1    0.000    0.000    0.000    0.000 codecs.py:94(__new__)
        1    0.000    0.000    0.000    0.000 os.py:1016(__getattr__)
        1    0.000    0.000    0.000    0.000 posixpath.py:75(join)
        7    0.000    0.000    0.000    0.000 posixpath.py:41(_get_sep)
        2    0.000    0.000    0.000    0.000 enum.py:898(_power_of_two)
        1    0.000    0.000    0.000    0.000 _weakrefset.py:36(__init__)
        6    0.000    0.000    0.000    0.000 __init__.py:187(_checkLevel)
        1    0.000    0.000    0.000    0.000 __init__.py:1622(__init__)
        1    0.000    0.000    0.000    0.000 __init__.py:1633(LoggerAdapter)
        1    0.000    0.000    0.000    0.000 traceback.py:425(TracebackException)
        1    0.000    0.000    0.000    0.000 __init__.py:69(get_version_string)
        1    0.000    0.000    0.000    0.000 calendar.py:69(_localized_day)
        1    0.000    0.000    0.000    0.000 decimal128.py:156(Decimal128)
        3    0.000    0.000    0.000    0.000 {method 'setsockopt' of '_socket.socket' objects}
        1    0.000    0.000    0.000    0.000 hmac.py:26(HMAC)
        1    0.000    0.000    0.000    0.000 read_preferences.py:84(_ServerMode)
        1    0.000    0.000    0.000    0.000 change_stream.py:40(ChangeStream)
        2    0.000    0.000    0.000    0.000 cursor.py:326(__query_spec)
        1    0.000    0.000    0.000    0.000 client_options.py:63(_parse_read_concern)
        1    0.000    0.000    0.000    0.000 client_options.py:69(_parse_ssl_options)
        1    0.000    0.000    0.000    0.000 pool.py:453(__init__)
        1    0.000    0.000    0.000    0.000 subprocess.py:60(CalledProcessError)
        1    0.000    0.000    0.000    0.000 topology.py:500(_request_check_all)
        2    0.000    0.000    0.000    0.000 {built-in method posix.register_at_fork}
        1    0.000    0.000    0.000    0.000 {method 'match' of 're.Pattern' objects}
        2    0.000    0.000    0.000    0.000 <frozen importlib._bootstrap>:748(exec_module)
        4    0.000    0.000    0.000    0.000 functools.py:445(lru_cache)
        1    0.000    0.000    0.000    0.000 csv.py:81(DictReader)
        4    0.000    0.000    0.000    0.000 __init__.py:117(getLevelName)
        1    0.000    0.000    0.000    0.000 {built-in method math.exp}
        1    0.000    0.000    0.000    0.000 threading.py:894(_set_tstate_lock)
        1    0.000    0.000    0.000    0.000 __init__.py:419(Formatter)
        4    0.000    0.000    0.000    0.000 threading.py:75(RLock)
        3    0.000    0.000    0.000    0.000 threading.py:243(__exit__)
        3    0.000    0.000    0.000    0.000 threading.py:249(_release_save)
        1    0.000    0.000    0.000    0.000 max_key.py:19(MaxKey)
        1    0.000    0.000    0.000    0.000 selectors.py:80(BaseSelector)
        1    0.000    0.000    0.000    0.000 selectors.py:341(_PollLikeSelector)
        1    0.000    0.000    0.000    0.000 tz_util.py:31(__init__)
        8    0.000    0.000    0.000    0.000 common.py:141(validate_boolean)
        1    0.000    0.000    0.000    0.000 auth.py:61(_Cache)
        1    0.000    0.000    0.000    0.000 parse.py:142(_NetlocResultMixinBase)
        1    0.000    0.000    0.000    0.000 command_cursor.py:33(CommandCursor)
        1    0.000    0.000    0.000    0.000 results.py:162(BulkWriteResult)
        2    0.000    0.000    0.000    0.000 {built-in method fcntl.fcntl}
        2    0.000    0.000    0.000    0.000 topology_description.py:149(server_descriptions)
        1    0.000    0.000    0.000    0.000 topology_description.py:199(readable_servers)
        1    0.000    0.000    0.000    0.000 server.py:26(Server)
        2    0.000    0.000    0.000    0.000 {method 'split' of 'bytes' objects}
        2    0.000    0.000    0.000    0.000 {method 'cast' of 'memoryview' objects}
       13    0.000    0.000    0.000    0.000 {built-in method builtins.max}
        1    0.000    0.000    0.000    0.000 {method 'groups' of 're.Match' objects}
        1    0.000    0.000    0.000    0.000 posixpath.py:64(isabs)
        1    0.000    0.000    0.000    0.000 enum.py:41(_make_class_unpicklable)
        1    0.000    0.000    0.000    0.000 threading.py:567(Barrier)
        2    0.000    0.000    0.000    0.000 threading.py:1096(daemon)
        1    0.000    0.000    0.000    0.000 __init__.py:232(LogRecord)
        2    0.000    0.000    0.000    0.000 __init__.py:377(__init__)
        5    0.000    0.000    0.000    0.000 __init__.py:677(__init__)
        1    0.000    0.000    0.000    0.000 __init__.py:754(Handler)
        1    0.000    0.000    0.000    0.000 __init__.py:1159(__init__)
        1    0.000    0.000    0.000    0.000 traceback.py:223(FrameSummary)
        3    0.000    0.000    0.000    0.000 threading.py:240(__enter__)
        3    0.000    0.000    0.000    0.000 threading.py:252(_acquire_restore)
        1    0.000    0.000    0.000    0.000 calendar.py:148(Calendar)
        1    0.000    0.000    0.000    0.000 calendar.py:293(TextCalendar)
        1    0.000    0.000    0.000    0.000 binary.py:120(Binary)
        1    0.000    0.000    0.000    0.000 dbref.py:23(DBRef)
        2    0.000    0.000    0.000    0.000 {method 'settimeout' of '_socket.socket' objects}
        1    0.000    0.000    0.000    0.000 timestamp.py:27(Timestamp)
        1    0.000    0.000    0.000    0.000 raw_bson.py:25(RawBSONDocument)
        1    0.000    0.000    0.000    0.000 parse.py:708(unquote_plus)
        1    0.000    0.000    0.000    0.000 monitoring.py:663(_EventListeners)
        1    0.000    0.000    0.000    0.000 read_concern.py:20(ReadConcern)
        1    0.000    0.000    0.000    0.000 server_selectors.py:20(Selection)
        1    0.000    0.000    0.000    0.000 message.py:837(_BulkWriteContext)
        1    0.000    0.000    0.000    0.000 message.py:1348(_OpReply)
        1    0.000    0.000    0.000    0.000 subprocess.py:831(__del__)
        2    0.000    0.000    0.000    0.000 ismaster.py:24(_get_server_type)
        2    0.000    0.000    0.000    0.000 ismaster.py:106(max_message_size)
        1    0.000    0.000    0.000    0.000 plistlib.py:489(_is_fmt_xml)
        1    0.000    0.000    0.000    0.000 server.py:27(__init__)
        1    0.000    0.000    0.000    0.000 {method 'rstrip' of 'bytes' objects}
       24    0.000    0.000    0.000    0.000 {method 'items' of 'dict' objects}
        2    0.000    0.000    0.000    0.000 {method 'translate' of 'str' objects}
        1    0.000    0.000    0.000    0.000 os.py:803(fsencode)
       11    0.000    0.000    0.000    0.000 enum.py:614(name)
        1    0.000    0.000    0.000    0.000 enum.py:846(_high_bit)
        5    0.000    0.000    0.000    0.000 datetime.py:45(_days_in_month)
        5    0.000    0.000    0.000    0.000 datetime.py:425(_check_tzinfo_arg)
        3    0.000    0.000    0.000    0.000 datetime.py:2117(_create)
        4    0.000    0.000    0.000    0.000 threading.py:1052(name)
        2    0.000    0.000    0.000    0.000 threading.py:1112(daemon)
        1    0.000    0.000    0.000    0.000 __init__.py:940(StreamHandler)
        1    0.000    0.000    0.000    0.000 __init__.py:1112(PlaceHolder)
        2    0.000    0.000    0.000    0.000 __init__.py:1554(getEffectiveLevel)
        1    0.000    0.000    0.000    0.000 {method 'toordinal' of 'datetime.date' objects}
        8    0.000    0.000    0.000    0.000 collection.py:310(database)
        1    0.000    0.000    0.000    0.000 calendar.py:72(<listcomp>)
        1    0.000    0.000    0.000    0.000 calendar.py:410(HTMLCalendar)
        1    0.000    0.000    0.000    0.000 code.py:21(Code)
        1    0.000    0.000    0.000    0.000 numbers.py:267(Rational)
        1    0.000    0.000    0.000    0.000 socket.py:546(SocketIO)
        2    0.000    0.000    0.000    0.000 {method 'getsockopt' of '_socket.socket' objects}
        2    0.000    0.000    0.000    0.000 {built-in method select.poll}
        2    0.000    0.000    0.000    0.000 common.py:148(validate_boolean_or_string)
        1    0.000    0.000    0.000    0.000 compression_support.py:68(CompressionSettings)
        1    0.000    0.000    0.000    0.000 monitoring.py:546(TopologyDescriptionChangedEvent)
        2    0.000    0.000    0.000    0.000 read_concern.py:34(__init__)
        1    0.000    0.000    0.000    0.000 read_preferences.py:241(__init__)
        1    0.000    0.000    0.000    0.000 read_preferences.py:442(read_pref_mode_from_name)
        1    0.000    0.000    0.000    0.000 read_preferences.py:448(MovingAverage)
        2    0.000    0.000    0.000    0.000 write_concern.py:51(__init__)
        1    0.000    0.000    0.000    0.000 write_concern.py:21(WriteConcern)
        2    0.000    0.000    0.000    0.000 message.py:255(use_command)
        1    0.000    0.000    0.000    0.000 message.py:1439(_OpMsg)
        1    0.000    0.000    0.000    0.000 bulk.py:627(BulkOperationBuilder)
       10    0.000    0.000    0.000    0.000 __future__.py:81(__init__)
        2    0.000    0.000    0.000    0.000 cursor.py:239(__del__)
        1    0.000    0.000    0.000    0.000 operations.py:54(DeleteOne)
        1    0.000    0.000    0.000    0.000 periodic_executor.py:25(PeriodicExecutor)
        2    0.000    0.000    0.000    0.000 periodic_executor.py:144(_register_executor)
        1    0.000    0.000    0.000    0.000 thread_util.py:28(Semaphore)
        4    0.000    0.000    0.000    0.000 ismaster.py:102(max_bson_size)
        3    0.000    0.000    0.000    0.000 ismaster.py:118(max_wire_version)
        1    0.000    0.000    0.000    0.000 network.py:254(SocketChecker)
        1    0.000    0.000    0.000    0.000 ipaddress.py:1379(IPv4Interface)
        1    0.000    0.000    0.000    0.000 ipaddress.py:2057(IPv6Interface)
        1    0.000    0.000    0.000    0.000 plistlib.py:305(end_dict)
        1    0.000    0.000    0.000    0.000 plistlib.py:247(_PlistParser)
        1    0.000    0.000    0.000    0.000 queue.py:27(Queue)
        1    0.000    0.000    0.000    0.000 server.py:62(request_check)
        2    0.000    0.000    0.000    0.000 response.py:22(__init__)
        1    0.000    0.000    0.000    0.000 response.py:18(Response)
        1    0.000    0.000    0.000    0.000 settings.py:105(get_topology_type)
        1    0.000    0.000    0.000    0.000 monitor.py:27(Monitor)
        2    0.000    0.000    0.000    0.000 {built-in method maketrans}
        4    0.000    0.000    0.000    0.000 {method 'count' of 'list' objects}
        6    0.000    0.000    0.000    0.000 {method 'copy' of 'dict' objects}
        2    0.000    0.000    0.000    0.000 {method 'update' of 'set' objects}
        1    0.000    0.000    0.000    0.000 {built-in method posix.WEXITSTATUS}
        5    0.000    0.000    0.000    0.000 {built-in method _sre.unicode_iscased}
        3    0.000    0.000    0.000    0.000 {method '__enter__' of '_thread.lock' objects}
        3    0.000    0.000    0.000    0.000 {method '__exit__' of '_thread.lock' objects}
        2    0.000    0.000    0.000    0.000 <frozen importlib._bootstrap>:765(is_package)
        1    0.000    0.000    0.000    0.000 codecs.py:186(__init__)
        2    0.000    0.000    0.000    0.000 enum.py:557(_generate_next_value_)
        2    0.000    0.000    0.000    0.000 enum.py:601(__hash__)
       11    0.000    0.000    0.000    0.000 enum.py:619(value)
        1    0.000    0.000    0.000    0.000 weakref.py:288(update)
        1    0.000    0.000    0.000    0.000 cProfile.py:27(Profile)
        1    0.000    0.000    0.000    0.000 csv.py:24(Dialect)
        1    0.000    0.000    0.000    0.000 {built-in method math.sqrt}
        1    0.000    0.000    0.000    0.000 __init__.py:1088(_StderrHandler)
        1    0.000    0.000    0.000    0.000 traceback.py:309(StackSummary)
        1    0.000    0.000    0.000    0.000 tokenize.py:108(any)
        2    0.000    0.000    0.000    0.000 tokenize.py:109(maybe)
        1    0.000    0.000    0.000    0.000 {built-in method utcfromtimestamp}
        1    0.000    0.000    0.000    0.000 string.py:78(Template)
        1    0.000    0.000    0.000    0.000 string.py:175(Formatter)
        1    0.000    0.000    0.000    0.000 threading.py:88(_RLock)
        1    0.000    0.000    0.000    0.000 threading.py:204(Condition)
        1    0.000    0.000    0.000    0.000 binary.py:188(UUIDLegacy)
       14    0.000    0.000    0.000    0.000 copy.py:190(_deepcopy_atomic)
        1    0.000    0.000    0.000    0.000 selectors.py:60(_SelectorMapping)
        1    0.000    0.000    0.000    0.000 selectors.py:290(SelectSelector)
        1    0.000    0.000    0.000    0.000 selectors.py:433(PollSelector)
        1    0.000    0.000    0.000    0.000 selectors.py:506(KqueueSelector)
        1    0.000    0.000    0.000    0.000 regex.py:42(Regex)
        1    0.000    0.000    0.000    0.000 {built-in method _hashlib.openssl_sha224}
        2    0.000    0.000    0.000    0.000 common.py:699(_read_preference_for)
        1    0.000    0.000    0.000    0.000 parse.py:599(unquote)
        1    0.000    0.000    0.000    0.000 errors.py:121(OperationFailure)
        1    0.000    0.000    0.000    0.000 ssl.py:153(<dictcomp>)
        1    0.000    0.000    0.000    0.000 ssl.py:351(_ASN1Object)
        1    0.000    0.000    0.000    0.000 compression_support.py:69(__init__)
        1    0.000    0.000    0.000    0.000 monitoring.py:252(ServerListener)
        1    0.000    0.000    0.000    0.000 monitoring.py:335(_CommandEvent)
        1    0.000    0.000    0.000    0.000 monitoring.py:403(CommandSucceededEvent)
        2    0.000    0.000    0.000    0.000 monitoring.py:698(enabled_for_server)
        6    0.000    0.000    0.000    0.000 read_preferences.py:40(_validate_tag_sets)
        2    0.000    0.000    0.000    0.000 read_preferences.py:147(min_wire_version)
        1    0.000    0.000    0.000    0.000 read_preferences.py:278(__init__)
        1    0.000    0.000    0.000    0.000 read_preferences.py:310(__init__)
        1    0.000    0.000    0.000    0.000 read_preferences.py:349(__init__)
        1    0.000    0.000    0.000    0.000 message.py:346(_GetMore)
        1    0.000    0.000    0.000    0.000 message.py:409(_RawBatchQuery)
        1    0.000    0.000    0.000    0.000 message.py:432(_CursorAddress)
        1    0.000    0.000    0.000    0.000 bulk.py:143(_Bulk)
        1    0.000    0.000    0.000    0.000 client_session.py:107(SessionOptions)
        1    0.000    0.000    0.000    0.000 client_session.py:143(TransactionOptions)
        1    0.000    0.000    0.000    0.000 collation.py:93(Collation)
        4    0.000    0.000    0.000    0.000 cursor.py:294(__die)
        2    0.000    0.000    0.000    0.000 cursor.py:1182(__iter__)
        1    0.000    0.000    0.000    0.000 operations.py:298(IndexModel)
        1    0.000    0.000    0.000    0.000 results.py:20(_WriteResult)
        1    0.000    0.000    0.000    0.000 database.py:42(_check_name)
        1    0.000    0.000    0.000    0.000 database.py:1351(SystemJS)
        1    0.000    0.000    0.000    0.000 uri_parser.py:44(_partition)
        1    0.000    0.000    0.000    0.000 client_options.py:83(<listcomp>)
        2    0.000    0.000    0.000    0.000 pool.py:341(max_pool_size)
        2    0.000    0.000    0.000    0.000 pool.py:390(wait_queue_multiple)
        2    0.000    0.000    0.000    0.000 pool.py:397(ssl_context)
        5    0.000    0.000    0.000    0.000 pool.py:416(event_listeners)
        1    0.000    0.000    0.000    0.000 subprocess.py:97(TimeoutExpired)
        1    0.000    0.000    0.000    0.000 subprocess.py:213(_cleanup)
        1    0.000    0.000    0.000    0.000 subprocess.py:379(CompletedProcess)
        1    0.000    0.000    0.000    0.000 ismaster.py:97(replica_set_name)
        1    0.000    0.000    0.000    0.000 ipaddress.py:539(_BaseAddress)
        1    0.000    0.000    0.000    0.000 ipaddress.py:2144(IPv6Network)
        1    0.000    0.000    0.000    0.000 plistlib.py:139(Data)
        1    0.000    0.000    0.000    0.000 plistlib.py:248(__init__)
        1    0.000    0.000    0.000    0.000 plistlib.py:300(begin_dict)
        1    0.000    0.000    0.000    0.000 plistlib.py:351(_DumbXMLWriter)
        1    0.000    0.000    0.000    0.000 plistlib.py:530(_BinaryPlistParser)
        1    0.000    0.000    0.000    0.000 plistlib.py:699(_BinaryPlistWriter)
        1    0.000    0.000    0.000    0.000 queue.py:255(_PySimpleQueue)
        1    0.000    0.000    0.000    0.000 topology_description.py:202(<listcomp>)
        2    0.000    0.000    0.000    0.000 server.py:152(_split_message)
        1    0.000    0.000    0.000    0.000 response.py:64(ExhaustResponse)
        1    0.000    0.000    0.000    0.000 monitor.py:92(request_check)
        1    0.000    0.000    0.000    0.000 {method 'rfind' of 'bytes' objects}
        1    0.000    0.000    0.000    0.000 {method 'startswith' of 'bytes' objects}
        1    0.000    0.000    0.000    0.000 {method 'pop' of 'list' objects}
        2    0.000    0.000    0.000    0.000 {method 'clear' of 'dict' objects}
        1    0.000    0.000    0.000    0.000 {method 'index' of 'tuple' objects}
        1    0.000    0.000    0.000    0.000 {method 'count' of 'str' objects}
        1    0.000    0.000    0.000    0.000 {method 'isdigit' of 'str' objects}
        4    0.000    0.000    0.000    0.000 {method 'isalnum' of 'str' objects}
        1    0.000    0.000    0.000    0.000 {built-in method builtins.sorted}
        2    0.000    0.000    0.000    0.000 {built-in method _imp.exec_builtin}
        1    0.000    0.000    0.000    0.000 {built-in method posix.WIFEXITED}
        4    0.000    0.000    0.000    0.000 {built-in method _sre.ascii_iscased}
        3    0.000    0.000    0.000    0.000 {built-in method _weakref.proxy}
        1    0.000    0.000    0.000    0.000 {method 'seek' of '_io.BufferedReader' objects}
        1    0.000    0.000    0.000    0.000 sre_parse.py:288(seek)
        1    0.000    0.000    0.000    0.000 csv.py:55(excel)
        1    0.000    0.000    0.000    0.000 csv.py:65(excel_tab)
        1    0.000    0.000    0.000    0.000 csv.py:131(DictWriter)
        1    0.000    0.000    0.000    0.000 csv.py:166(Sniffer)
        3    0.000    0.000    0.000    0.000 datetime.py:40(_days_before_year)
        1    0.000    0.000    0.000    0.000 datetime.py:1081(tzinfo)
        1    0.000    0.000    0.000    0.000 threading.py:891(_set_ident)
        1    0.000    0.000    0.000    0.000 __init__.py:371(PercentStyle)
        1    0.000    0.000    0.000    0.000 __init__.py:386(StrFormatStyle)
        1    0.000    0.000    0.000    0.000 __init__.py:395(StringTemplateStyle)
        1    0.000    0.000    0.000    0.000 __init__.py:593(BufferingFormatter)
        1    0.000    0.000    0.000    0.000 __init__.py:635(Filter)
        1    0.000    0.000    0.000    0.000 __init__.py:672(Filterer)
        2    0.000    0.000    0.000    0.000 __init__.py:859(setFormatter)
        1    0.000    0.000    0.000    0.000 __init__.py:1019(FileHandler)
        1    0.000    0.000    0.000    0.000 __init__.py:1154(Manager)
        1    0.000    0.000    0.000    0.000 __init__.py:1616(RootLogger)
        1    0.000    0.000    0.000    0.000 __init__.py:2008(NullHandler)
        1    0.000    0.000    0.000    0.000 tokenize.py:94(TokenInfo)
        1    0.000    0.000    0.000    0.000 tokenize.py:217(Untokenizer)
        1    0.000    0.000    0.000    0.000 <string>:1(<module>)
        1    0.000    0.000    0.000    0.000 string.py:55(_TemplateMetaclass)
        1    0.000    0.000    0.000    0.000 threading.py:370(Semaphore)
        1    0.000    0.000    0.000    0.000 threading.py:450(BoundedSemaphore)
        1    0.000    0.000    0.000    0.000 threading.py:488(Event)
        1    0.000    0.000    0.000    0.000 threading.py:1134(Timer)
        1    0.000    0.000    0.000    0.000 threading.py:1164(_MainThread)
        1    0.000    0.000    0.000    0.000 threading.py:1183(_DummyThread)
        1    0.000    0.000    0.000    0.000 collection.py:58(ReturnDocument)
        1    0.000    0.000    0.000    0.000 __init__.py:996(BSON)
        1    0.000    0.000    0.000    0.000 calendar.py:31(IllegalWeekdayError)
        2    0.000    0.000    0.000    0.000 calendar.py:55(__init__)
        2    0.000    0.000    0.000    0.000 calendar.py:74(__init__)
        1    0.000    0.000    0.000    0.000 calendar.py:154(__init__)
        1    0.000    0.000    0.000    0.000 calendar.py:160(setfirstweekday)
        1    0.000    0.000    0.000    0.000 calendar.py:558(LocaleTextCalendar)
        1    0.000    0.000    0.000    0.000 calendar.py:589(LocaleHTMLCalendar)
        1    0.000    0.000    0.000    0.000 codec_options.py:29(_raw_document_class)
        1    0.000    0.000    0.000    0.000 codec_options.py:41(CodecOptions)
        1    0.000    0.000    0.000    0.000 errors.py:23(InvalidBSON)
        1    0.000    0.000    0.000    0.000 errors.py:33(InvalidDocument)
        1    0.000    0.000    0.000    0.000 int64.py:23(Int64)
       24    0.000    0.000    0.000    0.000 objectid.py:34(<lambda>)
        1    0.000    0.000    0.000    0.000 random.py:667(SystemRandom)
        1    0.000    0.000    0.000    0.000 selectors.py:206(_BaseSelectorImpl)
        1    0.000    0.000    0.000    0.000 tz_util.py:41(utcoffset)
        1    0.000    0.000    0.000    0.000 tz_util.py:23(FixedOffset)
        1    0.000    0.000    0.000    0.000 {built-in method _hashlib.openssl_sha256}
        1    0.000    0.000    0.000    0.000 {built-in method _hashlib.openssl_sha384}
        1    0.000    0.000    0.000    0.000 {built-in method _hashlib.openssl_sha512}
        1    0.000    0.000    0.000    0.000 parse.py:126(_ResultMixinStr)
        1    0.000    0.000    0.000    0.000 parse.py:175(_NetlocResultMixinStr)
        1    0.000    0.000    0.000    0.000 parse.py:205(_NetlocResultMixinBytes)
        1    0.000    0.000    0.000    0.000 parse.py:318(SplitResult)
        1    0.000    0.000    0.000    0.000 parse.py:329(DefragResultBytes)
        1    0.000    0.000    0.000    0.000 parse.py:342(ParseResultBytes)
        1    0.000    0.000    0.000    0.000 parse.py:724(Quoter)
        1    0.000    0.000    0.000    0.000 errors.py:25(PyMongoError)
        1    0.000    0.000    0.000    0.000 errors.py:88(NotMasterError)
        1    0.000    0.000    0.000    0.000 errors.py:181(WriteError)
        1    0.000    0.000    0.000    0.000 errors.py:188(WTimeoutError)
        1    0.000    0.000    0.000    0.000 errors.py:203(BulkWriteError)
        1    0.000    0.000    0.000    0.000 errors.py:213(InvalidOperation)
        1    0.000    0.000    0.000    0.000 <string>:1(__new__)
        1    0.000    0.000    0.000    0.000 compression_support.py:73(get_compression_context)
        1    0.000    0.000    0.000    0.000 compression_support.py:88(SnappyContext)
        1    0.000    0.000    0.000    0.000 compression_support.py:96(ZlibContext)
        1    0.000    0.000    0.000    0.000 monitoring.py:156(CommandListener)
        1    0.000    0.000    0.000    0.000 monitoring.py:186(ServerHeartbeatListener)
        1    0.000    0.000    0.000    0.000 monitoring.py:219(TopologyListener)
        1    0.000    0.000    0.000    0.000 monitoring.py:367(CommandStartedEvent)
        1    0.000    0.000    0.000    0.000 monitoring.py:438(CommandFailedEvent)
        1    0.000    0.000    0.000    0.000 monitoring.py:468(_ServerEvent)
        1    0.000    0.000    0.000    0.000 monitoring.py:488(ServerDescriptionChangedEvent)
        1    0.000    0.000    0.000    0.000 monitoring.py:532(TopologyEvent)
        1    0.000    0.000    0.000    0.000 monitoring.py:605(ServerHeartbeatStartedEvent)
        1    0.000    0.000    0.000    0.000 monitoring.py:614(ServerHeartbeatSucceededEvent)
        1    0.000    0.000    0.000    0.000 monitoring.py:638(ServerHeartbeatFailedEvent)
        1    0.000    0.000    0.000    0.000 monitoring.py:703(enabled_for_server_heartbeat)
        1    0.000    0.000    0.000    0.000 driver_info.py:22(DriverInfo)
        2    0.000    0.000    0.000    0.000 read_concern.py:41(level)
        6    0.000    0.000    0.000    0.000 read_preferences.py:70(_validate_max_staleness)
        1    0.000    0.000    0.000    0.000 read_preferences.py:191(Primary)
        1    0.000    0.000    0.000    0.000 read_preferences.py:219(PrimaryPreferred)
        1    0.000    0.000    0.000    0.000 read_preferences.py:257(Secondary)
        1    0.000    0.000    0.000    0.000 read_preferences.py:328(Nearest)
        1    0.000    0.000    0.000    0.000 read_preferences.py:450(__init__)
        1    0.000    0.000    0.000    0.000 message.py:422(_RawBatchGetMore)
        1    0.000    0.000    0.000    0.000 bulk.py:63(_Run)
        1    0.000    0.000    0.000    0.000 bulk.py:524(BulkUpsertOperation)
        1    0.000    0.000    0.000    0.000 bulk.py:565(BulkWriteOperation)
        1    0.000    0.000    0.000    0.000 client_session.py:218(_TransactionContext)
        1    0.000    0.000    0.000    0.000 client_session.py:234(_TxnState)
        1    0.000    0.000    0.000    0.000 client_session.py:581(_ServerSession)
        1    0.000    0.000    0.000    0.000 client_session.py:603(_ServerSessionPool)
        1    0.000    0.000    0.000    0.000 __future__.py:80(_Feature)
        1    0.000    0.000    0.000    0.000 collation.py:23(CollationStrength)
        1    0.000    0.000    0.000    0.000 collation.py:64(CollationMaxVariable)
        1    0.000    0.000    0.000    0.000 command_cursor.py:305(RawBatchCommandCursor)
        1    0.000    0.000    0.000    0.000 change_stream.py:213(CollectionChangeStream)
        1    0.000    0.000    0.000    0.000 change_stream.py:231(DatabaseChangeStream)
        1    0.000    0.000    0.000    0.000 cursor.py:55(CursorType)
        1    0.000    0.000    0.000    0.000 cursor.py:86(_SocketManager)
        2    0.000    0.000    0.000    0.000 cursor.py:814(__set_hint)
        2    0.000    0.000    0.000    0.000 cursor.py:1173(session)
        1    0.000    0.000    0.000    0.000 cursor.py:1254(RawBatchCursor)
        1    0.000    0.000    0.000    0.000 operations.py:22(InsertOne)
        1    0.000    0.000    0.000    0.000 operations.py:95(DeleteMany)
        1    0.000    0.000    0.000    0.000 operations.py:136(ReplaceOne)
        1    0.000    0.000    0.000    0.000 operations.py:188(_UpdateOp)
        1    0.000    0.000    0.000    0.000 operations.py:261(UpdateMany)
        1    0.000    0.000    0.000    0.000 results.py:56(InsertOneResult)
        1    0.000    0.000    0.000    0.000 results.py:72(InsertManyResult)
        1    0.000    0.000    0.000    0.000 results.py:140(DeleteResult)
        1    0.000    0.000    0.000    0.000 son_manipulator.py:42(SONManipulator)
        1    0.000    0.000    0.000    0.000 son_manipulator.py:81(ObjectIdInjector)
        1    0.000    0.000    0.000    0.000 son_manipulator.py:100(ObjectIdShuffler)
        1    0.000    0.000    0.000    0.000 son_manipulator.py:130(AutoReference)
        1    0.000    0.000    0.000    0.000 periodic_executor.py:101(wake)
        1    0.000    0.000    0.000    0.000 client_options.py:32(_parse_credentials)
        1    0.000    0.000    0.000    0.000 client_options.py:177(codec_options)
        1    0.000    0.000    0.000    0.000 client_options.py:197(heartbeat_frequency)
        2    0.000    0.000    0.000    0.000 client_options.py:202(pool_options)
        1    0.000    0.000    0.000    0.000 client_options.py:217(write_concern)
        1    0.000    0.000    0.000    0.000 client_options.py:222(read_concern)
        3    0.000    0.000    0.000    0.000 pool.py:371(connect_timeout)
        2    0.000    0.000    0.000    0.000 pool.py:409(socket_keepalive)
        1    0.000    0.000    0.000    0.000 pool.py:422(appname)
        1    0.000    0.000    0.000    0.000 platform.py:1065(machine)
        1    0.000    0.000    0.000    0.000 subprocess.py:57(SubprocessError)
        1    0.000    0.000    0.000    0.000 subprocess.py:1521(_internal_poll)
        1    0.000    0.000    0.000    0.000 thread_util.py:77(BoundedSemaphore)
        1    0.000    0.000    0.000    0.000 thread_util.py:90(DummySemaphore)
        1    0.000    0.000    0.000    0.000 thread_util.py:101(MaxWaitersBoundedSemaphore)
        4    0.000    0.000    0.000    0.000 ismaster.py:72(server_type)
        1    0.000    0.000    0.000    0.000 ismaster.py:84(tags)
        1    0.000    0.000    0.000    0.000 ismaster.py:89(primary)
        1    0.000    0.000    0.000    0.000 ismaster.py:122(set_version)
        1    0.000    0.000    0.000    0.000 ismaster.py:126(election_id)
        1    0.000    0.000    0.000    0.000 ismaster.py:130(cluster_time)
        2    0.000    0.000    0.000    0.000 ismaster.py:134(logical_session_timeout_minutes)
        1    0.000    0.000    0.000    0.000 ismaster.py:142(is_readable)
        1    0.000    0.000    0.000    0.000 ismaster.py:146(me)
        1    0.000    0.000    0.000    0.000 ismaster.py:152(last_write_date)
        1    0.000    0.000    0.000    0.000 ipaddress.py:19(AddressValueError)
        1    0.000    0.000    0.000    0.000 plistlib.py:522(InvalidFileException)
        1    0.000    0.000    0.000    0.000 __init__.py:8(<module>)
        1    0.000    0.000    0.000    0.000 idna.py:146(Codec)
        1    0.000    0.000    0.000    0.000 idna.py:253(IncrementalDecoder)
        1    0.000    0.000    0.000    0.000 idna.py:292(StreamWriter)
        1    0.000    0.000    0.000    0.000 cursor_manager.py:35(CursorManager)
        2    0.000    0.000    0.000    0.000 topology.py:407(description)
        1    0.000    0.000    0.000    0.000 queue.py:220(PriorityQueue)
        1    0.000    0.000    0.000    0.000 queue.py:239(LifoQueue)
        1    0.000    0.000    0.000    0.000 topology_description.py:123(has_server)
        1    0.000    0.000    0.000    0.000 server_description.py:196(is_readable)
        2    0.000    0.000    0.000    0.000 server.py:139(description)
        2    0.000    0.000    0.000    0.000 response.py:38(data)
        2    0.000    0.000    0.000    0.000 response.py:48(request_id)
        1    0.000    0.000    0.000    0.000 settings.py:81(condition_class)
        1    0.000    0.000    0.000    0.000 mongo_replica_set_client.py:22(MongoReplicaSetClient)
        1    0.000    0.000    0.000    0.000 {method 'items' of 'mappingproxy' objects}
        2    0.000    0.000    0.000    0.000 {method 'insert' of 'list' objects}
        4    0.000    0.000    0.000    0.000 {built-in method _sre.ascii_tolower}
        3    0.000    0.000    0.000    0.000 {method 'append' of 'collections.deque' objects}
        2    0.000    0.000    0.000    0.000 {built-in method atexit.register}
        1    0.000    0.000    0.000    0.000 {built-in method _thread._set_sentinel}
        2    0.000    0.000    0.000    0.000 enum.py:892(<lambda>)
        1    0.000    0.000    0.000    0.000 {method 'disable' of '_lsprof.Profiler' objects}
        1    0.000    0.000    0.000    0.000 csv.py:70(unix_dialect)
        1    0.000    0.000    0.000    0.000 threading.py:721(BrokenBarrierError)
        1    0.000    0.000    0.000    0.000 tokenize.py:212(TokenError)
        1    0.000    0.000    0.000    0.000 tokenize.py:214(StopTokenizing)
        1    0.000    0.000    0.000    0.000 calendar.py:24(IllegalMonthError)
        1    0.000    0.000    0.000    0.000 calendar.py:546(different_locale)
        1    0.000    0.000    0.000    0.000 copy.py:55(Error)
        1    0.000    0.000    0.000    0.000 numbers.py:12(Number)
        1    0.000    0.000    0.000    0.000 errors.py:18(BSONError)
        1    0.000    0.000    0.000    0.000 errors.py:28(InvalidStringData)
        1    0.000    0.000    0.000    0.000 errors.py:38(InvalidId)
        1    0.000    0.000    0.000    0.000 socket.py:130(_GiveupOnSendfile)
        2    0.000    0.000    0.000    0.000 tz_util.py:47(dst)
        1    0.000    0.000    0.000    0.000 {method 'fileno' of '_socket.socket' objects}
        1    0.000    0.000    0.000    0.000 common.py:296(validate_timeout_or_none)
        1    0.000    0.000    0.000    0.000 parse.py:134(_ResultMixinBytes)
        1    0.000    0.000    0.000    0.000 parse.py:310(DefragResult)
        1    0.000    0.000    0.000    0.000 parse.py:323(ParseResult)
        1    0.000    0.000    0.000    0.000 parse.py:337(SplitResultBytes)
        1    0.000    0.000    0.000    0.000 errors.py:47(ProtocolError)
        1    0.000    0.000    0.000    0.000 errors.py:51(ConnectionFailure)
        1    0.000    0.000    0.000    0.000 errors.py:61(AutoReconnect)
        1    0.000    0.000    0.000    0.000 errors.py:78(NetworkTimeout)
        1    0.000    0.000    0.000    0.000 errors.py:103(ServerSelectionTimeoutError)
        1    0.000    0.000    0.000    0.000 errors.py:116(ConfigurationError)
        1    0.000    0.000    0.000    0.000 errors.py:156(CursorNotFound)
        1    0.000    0.000    0.000    0.000 errors.py:164(ExecutionTimeout)
        1    0.000    0.000    0.000    0.000 errors.py:174(WriteConcernError)
        1    0.000    0.000    0.000    0.000 errors.py:199(DuplicateKeyError)
        1    0.000    0.000    0.000    0.000 errors.py:217(InvalidName)
        1    0.000    0.000    0.000    0.000 errors.py:221(CollectionInvalid)
        1    0.000    0.000    0.000    0.000 errors.py:225(InvalidURI)
        1    0.000    0.000    0.000    0.000 errors.py:229(ExceededMaxWaiters)
        1    0.000    0.000    0.000    0.000 errors.py:238(DocumentTooLarge)
        1    0.000    0.000    0.000    0.000 monitoring.py:152(_EventListener)
        1    0.000    0.000    0.000    0.000 monitoring.py:514(ServerOpeningEvent)
        1    0.000    0.000    0.000    0.000 monitoring.py:523(ServerClosedEvent)
        1    0.000    0.000    0.000    0.000 monitoring.py:572(TopologyOpenedEvent)
        1    0.000    0.000    0.000    0.000 monitoring.py:581(TopologyClosedEvent)
        1    0.000    0.000    0.000    0.000 monitoring.py:590(_ServerHeartbeatEvent)
        1    0.000    0.000    0.000    0.000 monitoring.py:708(enabled_for_topology)
        1    0.000    0.000    0.000    0.000 read_preferences.py:289(SecondaryPreferred)
        1    0.000    0.000    0.000    0.000 core.py:14(DeprecatedBundleWarning)
        1    0.000    0.000    0.000    0.000 client_session.py:243(_Transaction)
        1    0.000    0.000    0.000    0.000 collation.py:45(CollationAlternate)
        1    0.000    0.000    0.000    0.000 collation.py:77(CollationCaseFirst)
        1    0.000    0.000    0.000    0.000 change_stream.py:249(ClusterChangeStream)
        1    0.000    0.000    0.000    0.000 son_manipulator.py:119(NamespaceInjector)
        1    0.000    0.000    0.000    0.000 client_options.py:182(credentials)
        1    0.000    0.000    0.000    0.000 client_options.py:187(local_threshold_ms)
        1    0.000    0.000    0.000    0.000 client_options.py:192(server_selection_timeout)
        1    0.000    0.000    0.000    0.000 client_options.py:207(read_preference)
        1    0.000    0.000    0.000    0.000 client_options.py:212(replica_set_name)
        1    0.000    0.000    0.000    0.000 pool.py:377(socket_timeout)
        1    0.000    0.000    0.000    0.000 pool.py:403(ssl_match_hostname)
        1    0.000    0.000    0.000    0.000 pool.py:428(driver)
        1    0.000    0.000    0.000    0.000 pool.py:434(compression_settings)
        1    0.000    0.000    0.000    0.000 thread_util.py:118(MaxWaitersBoundedSemaphoreThread)
        2    0.000    0.000    0.000    0.000 ismaster.py:110(max_write_batch_size)
        1    0.000    0.000    0.000    0.000 ismaster.py:114(min_wire_version)
        2    0.000    0.000    0.000    0.000 ismaster.py:138(is_writable)
        1    0.000    0.000    0.000    0.000 ismaster.py:156(compressors)
        1    0.000    0.000    0.000    0.000 ssl_match_hostname.py:20(CertificateError)
        1    0.000    0.000    0.000    0.000 ipaddress.py:23(NetmaskValueError)
        1    0.000    0.000    0.000    0.000 __init__.py:17(<module>)
        1    0.000    0.000    0.000    0.000 idna.py:218(IncrementalEncoder)
        1    0.000    0.000    0.000    0.000 idna.py:295(StreamReader)
        1    0.000    0.000    0.000    0.000 queue.py:22(Full)
        2    0.000    0.000    0.000    0.000 response.py:43(address)
        2    0.000    0.000    0.000    0.000 response.py:58(from_command)
        2    0.000    0.000    0.000    0.000 settings.py:60(seeds)
        1    0.000    0.000    0.000    0.000 settings.py:65(replica_set_name)
        2    0.000    0.000    0.000    0.000 settings.py:69(pool_class)
        2    0.000    0.000    0.000    0.000 settings.py:73(pool_options)
        1    0.000    0.000    0.000    0.000 settings.py:77(monitor_class)
        1    0.000    0.000    0.000    0.000 settings.py:93(heartbeat_frequency)
        1    0.000    0.000    0.000    0.000 settings.py:97(direct)


