2019-09-06 23:34:02,270	Inserted 9999 records into collection products in 5.069766044616699
2019-09-06 23:34:02,276	Collection now contains 9999 records
2019-09-06 23:34:02,281	Inserted 9999 records into collection customers in 5.081026077270508
2019-09-06 23:34:02,282	Collection now contains 9999 records
[(9999, 0, 9999, 5.069766044616699), (9999, 0, 9999, 5.081026077270508)]
         58751 function calls (57251 primitive calls) in 5.196 seconds

   Ordered by: cumulative time

   ncalls  tottime  percall  cumtime  percall filename:lineno(function)
    121/1    0.001    0.000    5.196    5.196 {built-in method builtins.exec}
        1    0.000    0.000    5.196    5.196 parallel.py:12(<module>)
        1    0.000    0.000    5.087    5.087 parallel.py:80(import_data)
       12    5.086    0.424    5.086    0.424 {method 'acquire' of '_thread.lock' objects}
        1    0.000    0.000    5.085    5.085 parallel.py:85(<listcomp>)
        2    0.000    0.000    5.085    2.542 threading.py:1000(join)
        2    0.000    0.000    5.085    2.542 threading.py:1038(_wait_for_tstate_lock)
    143/4    0.001    0.000    0.109    0.027 <frozen importlib._bootstrap>:978(_find_and_load)
    143/4    0.001    0.000    0.109    0.027 <frozen importlib._bootstrap>:948(_find_and_load_unlocked)
    129/4    0.001    0.000    0.109    0.027 <frozen importlib._bootstrap>:663(_load_unlocked)
    104/4    0.000    0.000    0.108    0.027 <frozen importlib._bootstrap_external>:722(exec_module)
    172/4    0.000    0.000    0.107    0.027 <frozen importlib._bootstrap>:211(_call_with_frames_removed)
        1    0.000    0.000    0.098    0.098 __init__.py:15(<module>)
    19/11    0.000    0.000    0.062    0.006 {built-in method builtins.__import__}
        1    0.000    0.000    0.061    0.061 collection.py:15(<module>)
        1    0.000    0.000    0.033    0.033 mongo_client.py:32(<module>)
        1    0.000    0.000    0.032    0.032 __init__.py:65(<module>)
  387/275    0.000    0.000    0.028    0.000 <frozen importlib._bootstrap>:1009(_handle_fromlist)
        1    0.000    0.000    0.027    0.027 client_options.py:15(<module>)
        1    0.000    0.000    0.026    0.026 pool.py:15(<module>)
      139    0.001    0.000    0.023    0.000 <frozen importlib._bootstrap>:882(_find_spec)
      137    0.000    0.000    0.021    0.000 <frozen importlib._bootstrap_external>:1272(find_spec)
      137    0.001    0.000    0.021    0.000 <frozen importlib._bootstrap_external>:1240(_get_spec)
      104    0.001    0.000    0.021    0.000 <frozen importlib._bootstrap_external>:793(get_code)
        1    0.000    0.000    0.020    0.020 common.py:16(<module>)
      326    0.003    0.000    0.017    0.000 <frozen importlib._bootstrap_external>:1356(find_spec)
        1    0.000    0.000    0.017    0.017 objectid.py:17(<module>)
  129/128    0.000    0.000    0.017    0.000 <frozen importlib._bootstrap>:576(module_from_spec)
       23    0.000    0.000    0.013    0.001 <frozen importlib._bootstrap_external>:1040(create_module)
      104    0.000    0.000    0.013    0.000 <frozen importlib._bootstrap_external>:523(_compile_bytecode)
       23    0.012    0.001    0.013    0.001 {built-in method _imp.create_dynamic}
      104    0.012    0.000    0.012    0.000 {built-in method marshal.loads}
        1    0.000    0.000    0.012    0.012 auth.py:15(<module>)
      305    0.006    0.000    0.011    0.000 {built-in method builtins.__build_class__}
        1    0.000    0.000    0.009    0.009 random.py:38(<module>)
       19    0.000    0.000    0.008    0.000 re.py:232(compile)
       19    0.000    0.000    0.008    0.000 re.py:271(_compile)
       19    0.000    0.000    0.008    0.000 sre_compile.py:759(compile)
        1    0.000    0.000    0.007    0.007 platform.py:10(<module>)
        2    0.000    0.000    0.007    0.003 errors.py:15(<module>)
        1    0.000    0.000    0.007    0.007 __init__.py:24(<module>)
        2    0.000    0.000    0.007    0.003 platform.py:1028(system)
        3    0.000    0.000    0.007    0.002 platform.py:890(uname)
        1    0.000    0.000    0.006    0.006 platform.py:747(_syscmd_uname)
        1    0.000    0.000    0.006    0.006 hashlib.py:54(<module>)
       13    0.000    0.000    0.006    0.000 enum.py:624(_convert)
        1    0.000    0.000    0.005    0.005 socket.py:47(<module>)
        1    0.000    0.000    0.005    0.005 ssl.py:91(<module>)
     1649    0.003    0.000    0.005    0.000 <frozen importlib._bootstrap_external>:56(_path_join)
       19    0.000    0.000    0.005    0.000 sre_parse.py:919(parse)
       54    0.000    0.000    0.005    0.000 enum.py:281(__call__)
        1    0.000    0.000    0.004    0.004 platform.py:570(mac_ver)
        1    0.000    0.000    0.004    0.004 platform.py:548(_mac_ver_xml)
      585    0.000    0.000    0.004    0.000 <frozen importlib._bootstrap_external>:74(_path_stat)
      104    0.003    0.000    0.004    0.000 <frozen importlib._bootstrap_external>:914(get_data)
    81/19    0.000    0.000    0.004    0.000 sre_parse.py:417(_parse_sub)
       14    0.000    0.000    0.004    0.000 enum.py:386(_create_)
    88/21    0.002    0.000    0.004    0.000 sre_parse.py:475(_parse)
        7    0.000    0.000    0.004    0.001 <frozen importlib._bootstrap_external>:1404(_fill_cache)
      586    0.004    0.000    0.004    0.000 {built-in method posix.stat}
        7    0.004    0.001    0.004    0.001 {built-in method posix.listdir}
        1    0.004    0.004    0.004    0.004 {method 'read' of '_io.TextIOWrapper' objects}
       17    0.001    0.000    0.004    0.000 enum.py:134(__new__)
        1    0.000    0.000    0.003    0.003 plistlib.py:47(<module>)
      129    0.001    0.000    0.003    0.000 <frozen importlib._bootstrap>:504(_init_module_attrs)
       19    0.000    0.000    0.003    0.000 sre_compile.py:598(_code)
       14    0.000    0.000    0.003    0.000 hashlib.py:116(__get_openssl_constructor)
        8    0.000    0.000    0.003    0.000 hashlib.py:73(__get_builtin_constructor)
      392    0.000    0.000    0.003    0.000 <frozen importlib._bootstrap_external>:1203(_path_importer_cache)
      4/3    0.000    0.000    0.003    0.001 {method 'encode' of 'str' objects}
        1    0.000    0.000    0.003    0.003 topology.py:15(<module>)
        1    0.000    0.000    0.003    0.003 __init__.py:71(search_function)
       16    0.001    0.000    0.002    0.000 __init__.py:316(namedtuple)
        1    0.000    0.000    0.002    0.002 traceback.py:1(<module>)
        1    0.000    0.000    0.002    0.002 bulk.py:18(<module>)
        1    0.000    0.000    0.002    0.002 decimal128.py:20(<module>)
        1    0.000    0.000    0.002    0.002 ssl_support.py:15(<module>)
        1    0.000    0.000    0.002    0.002 subprocess.py:42(<module>)
   150/19    0.001    0.000    0.002    0.000 sre_compile.py:71(_compile)
        1    0.000    0.000    0.002    0.002 os.py:977(popen)
        1    0.000    0.000    0.002    0.002 ssl_match_hostname.py:4(<module>)
       67    0.002    0.000    0.002    0.000 {built-in method posix.getcwd}
        1    0.000    0.000    0.002    0.002 linecache.py:6(<module>)
        1    0.000    0.000    0.002    0.002 compression_support.py:15(<module>)
      208    0.001    0.000    0.002    0.000 <frozen importlib._bootstrap_external>:271(cache_from_source)
        1    0.000    0.000    0.002    0.002 decimal.py:2(<module>)
      143    0.000    0.000    0.002    0.000 <frozen importlib._bootstrap>:147(__enter__)
     1649    0.001    0.000    0.002    0.000 <frozen importlib._bootstrap_external>:58(<listcomp>)
        1    0.000    0.000    0.002    0.002 subprocess.py:637(__init__)
      231    0.000    0.000    0.002    0.000 <frozen importlib._bootstrap>:403(cached)
        1    0.000    0.000    0.002    0.002 parallel.py:84(<listcomp>)
        2    0.000    0.000    0.002    0.001 threading.py:829(start)
        2    0.000    0.000    0.002    0.001 __init__.py:1(<module>)
        1    0.000    0.000    0.002    0.002 datetime.py:5(<module>)
        1    0.000    0.000    0.002    0.002 tokenize.py:21(<module>)
        2    0.000    0.000    0.001    0.001 threading.py:534(wait)
        1    0.000    0.000    0.001    0.001 subprocess.py:1360(_execute_child)
       13    0.000    0.000    0.001    0.000 enum.py:645(<listcomp>)
        2    0.000    0.000    0.001    0.001 threading.py:264(wait)
        1    0.000    0.000    0.001    0.001 client_session.py:82(<module>)
      127    0.000    0.000    0.001    0.000 <frozen importlib._bootstrap_external>:369(_get_cached)
      104    0.001    0.000    0.001    0.000 {method 'read' of '_io.FileIO' objects}
      148    0.000    0.000    0.001    0.000 <frozen importlib._bootstrap_external>:93(_path_isfile)
        1    0.000    0.000    0.001    0.001 ipaddress.py:9(<module>)
      155    0.000    0.000    0.001    0.000 <frozen importlib._bootstrap_external>:84(_path_is_mode_type)
      188    0.001    0.000    0.001    0.000 <frozen importlib._bootstrap>:157(_get_module_lock)
        1    0.000    0.000    0.001    0.001 signal.py:1(<module>)
        1    0.000    0.000    0.001    0.001 dbref.py:15(<module>)
     1001    0.001    0.000    0.001    0.000 __init__.py:443(<genexpr>)
        1    0.000    0.000    0.001    0.001 string.py:15(<module>)
        1    0.000    0.000    0.001    0.001 read_preferences.py:15(<module>)
        1    0.000    0.000    0.001    0.001 selectors.py:5(<module>)
        1    0.000    0.000    0.001    0.001 message.py:21(<module>)
      127    0.000    0.000    0.001    0.000 <frozen importlib._bootstrap_external>:1351(_get_spec)
       71    0.001    0.000    0.001    0.000 sre_compile.py:276(_optimize_charset)
        1    0.000    0.000    0.001    0.001 uuid.py:45(<module>)
     1208    0.001    0.000    0.001    0.000 {built-in method builtins.getattr}
        1    0.000    0.000    0.001    0.001 parse.py:28(<module>)
      214    0.001    0.000    0.001    0.000 {built-in method __new__ of type object at 0x10a928060}
     1666    0.001    0.000    0.001    0.000 {built-in method builtins.hasattr}
        1    0.000    0.000    0.001    0.001 string.py:65(__init__)
       19    0.000    0.000    0.001    0.000 sre_compile.py:536(_compile_info)
        1    0.000    0.000    0.001    0.001 saslprep.py:15(<module>)
        1    0.000    0.000    0.001    0.001 monotonic.py:16(<module>)
      187    0.000    0.000    0.001    0.000 enum.py:69(__setitem__)
        1    0.000    0.000    0.001    0.001 monitoring.py:135(<module>)
      104    0.000    0.000    0.001    0.000 <frozen importlib._bootstrap_external>:951(path_stats)
        1    0.000    0.000    0.001    0.001 idna.py:3(<module>)
        1    0.000    0.000    0.001    0.001 csv.py:4(<module>)
      129    0.000    0.000    0.001    0.000 <frozen importlib._bootstrap>:318(__exit__)
      127    0.000    0.000    0.001    0.000 <frozen importlib._bootstrap_external>:574(spec_from_file_location)
     1789    0.001    0.000    0.001    0.000 <frozen importlib._bootstrap>:222(_verbose_message)
      143    0.000    0.000    0.001    0.000 <frozen importlib._bootstrap>:151(__exit__)
        1    0.001    0.001    0.001    0.001 {built-in method posix.read}
     1982    0.001    0.000    0.001    0.000 {method 'join' of 'str' objects}
        1    0.000    0.000    0.001    0.001 expat.py:1(<module>)
      785    0.000    0.000    0.001    0.000 sre_parse.py:254(get)
     1050    0.000    0.000    0.001    0.000 sre_parse.py:164(__getitem__)
      188    0.001    0.000    0.001    0.000 <frozen importlib._bootstrap>:103(release)
        1    0.000    0.000    0.001    0.001 topology_description.py:15(<module>)
      263    0.001    0.000    0.001    0.000 enum.py:373(__setattr__)
      188    0.001    0.000    0.001    0.000 <frozen importlib._bootstrap>:78(acquire)
       15    0.000    0.000    0.001    0.000 abc.py:125(__new__)
        1    0.001    0.001    0.001    0.001 {built-in method _posixsubprocess.fork_exec}
     3506    0.001    0.000    0.001    0.000 {method 'rstrip' of 'str' objects}
        1    0.000    0.000    0.001    0.001 queue.py:1(<module>)
      306    0.000    0.000    0.001    0.000 {built-in method builtins.setattr}
      104    0.000    0.000    0.001    0.000 <frozen importlib._bootstrap_external>:438(_classify_pyc)
     1051    0.001    0.000    0.001    0.000 sre_parse.py:233(__next)
     2702    0.001    0.000    0.001    0.000 {built-in method builtins.isinstance}
        1    0.000    0.000    0.001    0.001 stringprep.py:6(<module>)
        1    0.000    0.000    0.001    0.001 ipaddress.py:2250(_IPv6Constants)
     1000    0.000    0.000    0.000    0.000 py3compat.py:36(b)
        1    0.000    0.000    0.000    0.000 database.py:15(<module>)
   194/63    0.000    0.000    0.000    0.000 sre_parse.py:174(getwidth)
        1    0.000    0.000    0.000    0.000 struct.py:3(<module>)
        1    0.000    0.000    0.000    0.000 bisect.py:1(<module>)
       28    0.000    0.000    0.000    0.000 ipaddress.py:2160(__init__)
        1    0.000    0.000    0.000    0.000 uri_parser.py:16(<module>)
2501/2334    0.000    0.000    0.000    0.000 {built-in method builtins.len}
        1    0.000    0.000    0.000    0.000 binary.py:15(<module>)
        1    0.000    0.000    0.000    0.000 ipaddress.py:1559(_IPv4Constants)
       45    0.000    0.000    0.000    0.000 <frozen importlib._bootstrap>:194(_lock_unlock_module)
        1    0.000    0.000    0.000    0.000 copy.py:49(<module>)
        1    0.000    0.000    0.000    0.000 max_staleness_selectors.py:28(<module>)
      142    0.000    0.000    0.000    0.000 <frozen importlib._bootstrap>:176(cb)
       19    0.000    0.000    0.000    0.000 ipaddress.py:1477(__init__)
        1    0.000    0.000    0.000    0.000 settings.py:15(<module>)
     1077    0.000    0.000    0.000    0.000 {method 'rpartition' of 'str' objects}
      142    0.000    0.000    0.000    0.000 <frozen importlib._bootstrap>:58(__init__)
     2717    0.000    0.000    0.000    0.000 {method 'append' of 'list' objects}
     1659    0.000    0.000    0.000    0.000 {method 'startswith' of 'str' objects}
      208    0.000    0.000    0.000    0.000 <frozen importlib._bootstrap_external>:62(_path_split)
       17    0.000    0.000    0.000    0.000 enum.py:124(__prepare__)
      148    0.000    0.000    0.000    0.000 {built-in method builtins.any}
        1    0.000    0.000    0.000    0.000 server.py:15(<module>)
      413    0.000    0.000    0.000    0.000 <frozen importlib._bootstrap>:855(__enter__)
      312    0.000    0.000    0.000    0.000 <frozen importlib._bootstrap_external>:51(_r_long)
      413    0.000    0.000    0.000    0.000 <frozen importlib._bootstrap>:859(__exit__)
        1    0.000    0.000    0.000    0.000 threading.py:1(<module>)
      104    0.000    0.000    0.000    0.000 <frozen importlib._bootstrap_external>:471(_validate_timestamp_pyc)
       44    0.000    0.000    0.000    0.000 sre_parse.py:96(closegroup)
      332    0.000    0.000    0.000    0.000 {built-in method from_bytes}
       17    0.000    0.000    0.000    0.000 enum.py:484(_find_new_)
       48    0.000    0.000    0.000    0.000 enum.py:439(_get_mixins_)
        1    0.000    0.000    0.000    0.000 calendar.py:6(<module>)
        7    0.000    0.000    0.000    0.000 <frozen importlib._bootstrap_external>:1190(_path_hooks)
        1    0.000    0.000    0.000    0.000 __init__.py:1023(__init__)
        1    0.000    0.000    0.000    0.000 numbers.py:6(<module>)
        1    0.000    0.000    0.000    0.000 codec_options.py:15(<module>)
        1    0.000    0.000    0.000    0.000 {built-in method fromtimestamp}
      129    0.000    0.000    0.000    0.000 <frozen importlib._bootstrap>:311(__enter__)
       17    0.000    0.000    0.000    0.000 enum.py:176(<setcomp>)
        1    0.000    0.000    0.000    0.000 plistlib.py:931(load)
      945    0.000    0.000    0.000    0.000 {method 'isupper' of 'str' objects}
        3    0.000    0.000    0.000    0.000 {built-in method io.open}
      460    0.000    0.000    0.000    0.000 sre_parse.py:249(match)
      137    0.000    0.000    0.000    0.000 <frozen importlib._bootstrap>:792(find_spec)
        1    0.000    0.000    0.000    0.000 plistlib.py:255(parse)
       63    0.000    0.000    0.000    0.000 sre_parse.py:295(_class_escape)
      220    0.000    0.000    0.000    0.000 socket.py:86(<lambda>)
      326    0.000    0.000    0.000    0.000 <frozen importlib._bootstrap_external>:36(_relax_case)
      743    0.000    0.000    0.000    0.000 {built-in method _imp.acquire_lock}
        1    0.000    0.000    0.000    0.000 hmac.py:4(<module>)
     1000    0.000    0.000    0.000    0.000 {built-in method _codecs.latin_1_encode}
        1    0.000    0.000    0.000    0.000 command_cursor.py:15(<module>)
      139    0.000    0.000    0.000    0.000 <frozen importlib._bootstrap>:719(find_spec)
        1    0.000    0.000    0.000    0.000 change_stream.py:15(<module>)
       71    0.000    0.000    0.000    0.000 sre_compile.py:249(_compile_charset)
      743    0.000    0.000    0.000    0.000 {built-in method _imp.release_lock}
       20    0.000    0.000    0.000    0.000 ipaddress.py:1116(_ip_int_from_string)
        1    0.000    0.000    0.000    0.000 mongo_client.py:77(MongoClient)
       28    0.000    0.000    0.000    0.000 ipaddress.py:1631(_ip_int_from_string)
      104    0.000    0.000    0.000    0.000 <frozen importlib._bootstrap>:35(_new_module)
        1    0.000    0.000    0.000    0.000 server_type.py:15(<module>)
      130    0.000    0.000    0.000    0.000 <frozen importlib._bootstrap>:416(parent)
        3    0.000    0.000    0.000    0.000 tokenize.py:132(_all_string_prefixes)
      139    0.000    0.000    0.000    0.000 <frozen importlib._bootstrap>:369(__init__)
      218    0.000    0.000    0.000    0.000 socket.py:76(<lambda>)
        1    0.000    0.000    0.000    0.000 {method 'ParseFile' of 'pyexpat.xmlparser' objects}
        7    0.000    0.000    0.000    0.000 <frozen importlib._bootstrap_external>:1445(path_hook_for_FileFinder)
      147    0.000    0.000    0.000    0.000 enum.py:18(_is_descriptor)
        5    0.000    0.000    0.000    0.000 contextlib.py:210(contextmanager)
      219    0.000    0.000    0.000    0.000 socket.py:81(<lambda>)
      551    0.000    0.000    0.000    0.000 {method 'get' of 'dict' objects}
        1    0.000    0.000    0.000    0.000 objectid.py:70(ObjectId)
       19    0.000    0.000    0.000    0.000 enum.py:827(__and__)
       74    0.000    0.000    0.000    0.000 sre_compile.py:423(_simple)
      293    0.000    0.000    0.000    0.000 {built-in method _thread.allocate_lock}
      221    0.000    0.000    0.000    0.000 socket.py:91(<lambda>)
      104    0.000    0.000    0.000    0.000 <frozen importlib._bootstrap_external>:401(_check_name_wrapper)
      166    0.000    0.000    0.000    0.000 sre_parse.py:111(__init__)
      328    0.000    0.000    0.000    0.000 {built-in method builtins.issubclass}
        1    0.000    0.000    0.000    0.000 driver_info.py:15(<module>)
      261    0.000    0.000    0.000    0.000 sre_parse.py:286(tell)
        1    0.000    0.000    0.000    0.000 os.py:1003(close)
      188    0.000    0.000    0.000    0.000 enum.py:26(_is_dunder)
        1    0.000    0.000    0.000    0.000 __init__.py:1065(_open)
        1    0.000    0.000    0.000    0.000 operations.py:15(<module>)
      343    0.000    0.000    0.000    0.000 {built-in method posix.fspath}
        1    0.000    0.000    0.000    0.000 raw_bson.py:16(<module>)
        1    0.000    0.000    0.000    0.000 cursor.py:15(<module>)
        9    0.000    0.000    0.000    0.000 datetime.py:472(__new__)
      327    0.000    0.000    0.000    0.000 sre_parse.py:160(__len__)
       11    0.000    0.000    0.000    0.000 sre_compile.py:411(_mk_bitmap)
        1    0.000    0.000    0.000    0.000 results.py:15(<module>)
      104    0.000    0.000    0.000    0.000 {built-in method _imp._fix_co_filename}
        1    0.000    0.000    0.000    0.000 son.py:19(<module>)
      299    0.000    0.000    0.000    0.000 sre_parse.py:172(append)
        1    0.000    0.000    0.000    0.000 server_description.py:15(<module>)
       15    0.000    0.000    0.000    0.000 {built-in method _abc._abc_init}
        2    0.000    0.000    0.000    0.000 {built-in method _thread.start_new_thread}
      151    0.000    0.000    0.000    0.000 {method 'endswith' of 'str' objects}
      187    0.000    0.000    0.000    0.000 enum.py:34(_is_sunder)
        1    0.000    0.000    0.000    0.000 uuid.py:69(UUID)
      516    0.000    0.000    0.000    0.000 <frozen importlib._bootstrap>:321(<genexpr>)
       44    0.000    0.000    0.000    0.000 sre_parse.py:84(opengroup)
       80    0.000    0.000    0.000    0.000 ipaddress.py:1142(_parse_octet)
       14    0.000    0.000    0.000    0.000 functools.py:37(update_wrapper)
        1    0.000    0.000    0.000    0.000 subprocess.py:966(wait)
        1    0.000    0.000    0.000    0.000 thread_util.py:15(<module>)
       23    0.000    0.000    0.000    0.000 <frozen importlib._bootstrap_external>:1048(exec_module)
        1    0.000    0.000    0.000    0.000 collation.py:18(<module>)
      327    0.000    0.000    0.000    0.000 {built-in method builtins.min}
      381    0.000    0.000    0.000    0.000 {built-in method _thread.get_ident}
        3    0.000    0.000    0.000    0.000 threading.py:758(__init__)
        1    0.000    0.000    0.000    0.000 tz_util.py:15(<module>)
       14    0.000    0.000    0.000    0.000 {method 'sort' of 'list' objects}
      137    0.000    0.000    0.000    0.000 {built-in method _imp.is_frozen}
        1    0.000    0.000    0.000    0.000 subprocess.py:1569(_wait)
      143    0.000    0.000    0.000    0.000 <frozen importlib._bootstrap>:143(__init__)
        1    0.000    0.000    0.000    0.000 son_manipulator.py:34(<module>)
        1    0.000    0.000    0.000    0.000 collection.py:71(Collection)
       40    0.000    0.000    0.000    0.000 enum.py:537(__new__)
        3    0.000    0.000    0.000    0.000 codec_options.py:104(__new__)
      129    0.000    0.000    0.000    0.000 <frozen importlib._bootstrap>:307(__init__)
        1    0.000    0.000    0.000    0.000 random.py:88(__init__)
       56    0.000    0.000    0.000    0.000 sre_parse.py:343(_escape)
        1    0.000    0.000    0.000    0.000 random.py:97(seed)
      263    0.000    0.000    0.000    0.000 {method 'get' of 'mappingproxy' objects}
        1    0.000    0.000    0.000    0.000 objectid.py:55(_machine_bytes)
     17/7    0.000    0.000    0.000    0.000 abc.py:141(__subclasscheck__)
    25/16    0.000    0.000    0.000    0.000 sre_compile.py:461(_get_literal_prefix)
       68    0.000    0.000    0.000    0.000 {built-in method _imp.is_builtin}
       11    0.000    0.000    0.000    0.000 sre_compile.py:413(<listcomp>)
        1    0.000    0.000    0.000    0.000 {function Random.seed at 0x10af6ff28}
       30    0.000    0.000    0.000    0.000 {method 'update' of 'dict' objects}
        2    0.000    0.000    0.000    0.000 {built-in method posix.uname}
     17/7    0.000    0.000    0.000    0.000 {built-in method _abc._abc_subclasscheck}
        7    0.000    0.000    0.000    0.000 <frozen importlib._bootstrap_external>:1319(__init__)
        5    0.000    0.000    0.000    0.000 son.py:40(__init__)
        1    0.000    0.000    0.000    0.000 parallel.py:82(<listcomp>)
       43    0.000    0.000    0.000    0.000 sre_parse.py:408(_uniq)
       19    0.000    0.000    0.000    0.000 sre_parse.py:224(__init__)
       47    0.000    0.000    0.000    0.000 ipaddress.py:607(__init__)
      104    0.000    0.000    0.000    0.000 <frozen importlib._bootstrap_external>:884(__init__)
       67    0.000    0.000    0.000    0.000 signal.py:10(<lambda>)
       28    0.000    0.000    0.000    0.000 ipaddress.py:1613(_make_netmask)
       29    0.000    0.000    0.000    0.000 sre_parse.py:258(getwhile)
      195    0.000    0.000    0.000    0.000 {method 'find' of 'bytearray' objects}
      126    0.000    0.000    0.000    0.000 sre_parse.py:81(groups)
       23    0.000    0.000    0.000    0.000 {method 'format' of 'str' objects}
        1    0.000    0.000    0.000    0.000 codec_options.py:150(with_options)
        7    0.000    0.000    0.000    0.000 <frozen importlib._bootstrap_external>:1433(<setcomp>)
       18    0.000    0.000    0.000    0.000 enum.py:332(__getattr__)
        1    0.000    0.000    0.000    0.000 os.py:40(_get_exports_list)
        1    0.000    0.000    0.000    0.000 token.py:1(<module>)
       10    0.000    0.000    0.000    0.000 son.py:135(update)
        7    0.000    0.000    0.000    0.000 <frozen importlib._bootstrap_external>:98(_path_isdir)
        4    0.000    0.000    0.000    0.000 ssl.py:356(__new__)
        1    0.000    0.000    0.000    0.000 threading.py:1166(__init__)
        1    0.000    0.000    0.000    0.000 network.py:15(<module>)
        1    0.000    0.000    0.000    0.000 posixpath.py:369(abspath)
       10    0.000    0.000    0.000    0.000 sre_parse.py:267(getuntil)
        3    0.000    0.000    0.000    0.000 __init__.py:763(__init__)
      136    0.000    0.000    0.000    0.000 {method 'issuperset' of 'frozenset' objects}
        1    0.000    0.000    0.000    0.000 uuid.py:63(SafeUUID)
        1    0.000    0.000    0.000    0.000 ismaster.py:15(<module>)
       31    0.000    0.000    0.000    0.000 ipaddress.py:1735(_parse_hextet)
      257    0.000    0.000    0.000    0.000 hmac.py:18(<genexpr>)
      120    0.000    0.000    0.000    0.000 ssl.py:139(<lambda>)
       47    0.000    0.000    0.000    0.000 ipaddress.py:158(_split_optional_netmask)
        1    0.000    0.000    0.000    0.000 monitor.py:15(<module>)
       19    0.000    0.000    0.000    0.000 ipaddress.py:1092(_make_netmask)
       14    0.000    0.000    0.000    0.000 plistlib.py:269(handle_end_element)
        1    0.000    0.000    0.000    0.000 enum.py:821(__or__)
        1    0.000    0.000    0.000    0.000 subprocess.py:1503(_handle_exitstatus)
      120    0.000    0.000    0.000    0.000 ssl.py:124(<lambda>)
        2    0.000    0.000    0.000    0.000 __init__.py:949(__init__)
        1    0.000    0.000    0.000    0.000 token.py:78(<dictcomp>)
        1    0.000    0.000    0.000    0.000 code.py:16(<module>)
       51    0.000    0.000    0.000    0.000 {method 'extend' of 'list' objects}
       20    0.000    0.000    0.000    0.000 tokenize.py:107(group)
      120    0.000    0.000    0.000    0.000 ssl.py:129(<lambda>)
      120    0.000    0.000    0.000    0.000 ssl.py:134(<lambda>)
        1    0.000    0.000    0.000    0.000 response.py:15(<module>)
      251    0.000    0.000    0.000    0.000 {method 'add' of 'set' objects}
      120    0.000    0.000    0.000    0.000 ssl.py:144(<lambda>)
        1    0.000    0.000    0.000    0.000 ssl.py:158(TLSVersion)
       17    0.000    0.000    0.000    0.000 enum.py:151(<dictcomp>)
      120    0.000    0.000    0.000    0.000 ssl.py:149(<lambda>)
        4    0.000    0.000    0.000    0.000 {built-in method _ssl.txt2obj}
       16    0.000    0.000    0.000    0.000 {built-in method builtins.repr}
       17    0.000    0.000    0.000    0.000 enum.py:63(__init__)
       19    0.000    0.000    0.000    0.000 {built-in method _sre.compile}
       64    0.000    0.000    0.000    0.000 sre_compile.py:65(_combine_flags)
        1    0.000    0.000    0.000    0.000 enum.py:784(_missing_)
      129    0.000    0.000    0.000    0.000 <frozen importlib._bootstrap>:424(has_location)
        1    0.000    0.000    0.000    0.000 enum.py:791(_create_pseudo_member_)
       43    0.000    0.000    0.000    0.000 ipaddress.py:1883(__init__)
       38    0.000    0.000    0.000    0.000 {method 'replace' of 'str' objects}
      106    0.000    0.000    0.000    0.000 {method 'split' of 'str' objects}
        1    0.000    0.000    0.000    0.000 {built-in method posix.WIFSIGNALED}
        3    0.000    0.000    0.000    0.000 threading.py:499(__init__)
        1    0.000    0.000    0.000    0.000 __future__.py:48(<module>)
       30    0.000    0.000    0.000    0.000 ipaddress.py:1268(__init__)
        1    0.000    0.000    0.000    0.000 regex.py:16(<module>)
        2    0.000    0.000    0.000    0.000 platform.py:1220(python_implementation)
        1    0.000    0.000    0.000    0.000 mongo_replica_set_client.py:15(<module>)
        4    0.000    0.000    0.000    0.000 functools.py:476(decorating_function)
        1    0.000    0.000    0.000    0.000 helpers.py:15(<module>)
        2    0.000    0.000    0.000    0.000 {built-in method posix.pipe}
        1    0.000    0.000    0.000    0.000 codecs.py:319(decode)
      133    0.000    0.000    0.000    0.000 enum.py:650(<lambda>)
        1    0.000    0.000    0.000    0.000 core.py:9(<module>)
        1    0.000    0.000    0.000    0.000 server_selectors.py:15(<module>)
        1    0.000    0.000    0.000    0.000 write_concern.py:15(<module>)
        2    0.000    0.000    0.000    0.000 platform.py:1116(_sys_version)
        1    0.000    0.000    0.000    0.000 subprocess.py:1306(_get_handles)
       25    0.000    0.000    0.000    0.000 ipaddress.py:476(_prefix_from_prefix_string)
      147    0.000    0.000    0.000    0.000 {method 'items' of 'collections.OrderedDict' objects}
        1    0.000    0.000    0.000    0.000 {built-in method builtins.dir}
       91    0.000    0.000    0.000    0.000 __init__.py:388(<genexpr>)
       14    0.000    0.000    0.000    0.000 sre_compile.py:492(_get_charset_prefix)
      257    0.000    0.000    0.000    0.000 hmac.py:17(<genexpr>)
        1    0.000    0.000    0.000    0.000 cursor_manager.py:28(<module>)
      223    0.000    0.000    0.000    0.000 {built-in method builtins.ord}
        1    0.000    0.000    0.000    0.000 enum.py:863(_decompose)
       77    0.000    0.000    0.000    0.000 sre_parse.py:168(__setitem__)
        1    0.000    0.000    0.000    0.000 {method 'strftime' of 'datetime.date' objects}
       26    0.000    0.000    0.000    0.000 son.py:57(__setitem__)
        4    0.000    0.000    0.000    0.000 abc.py:130(register)
        1    0.000    0.000    0.000    0.000 ipaddress.py:1262(IPv4Address)
      101    0.000    0.000    0.000    0.000 {method 'isidentifier' of 'str' objects}
      104    0.000    0.000    0.000    0.000 <frozen importlib._bootstrap_external>:909(get_filename)
        1    0.000    0.000    0.000    0.000 int64.py:15(<module>)
        1    0.000    0.000    0.000    0.000 timestamp.py:16(<module>)
        1    0.000    0.000    0.000    0.000 server_description.py:33(ServerDescription)
        2    0.000    0.000    0.000    0.000 _bootlocale.py:33(getpreferredencoding)
        3    0.000    0.000    0.000    0.000 datetime.py:1496(__new__)
        1    0.000    0.000    0.000    0.000 random.py:218(randint)
        1    0.000    0.000    0.000    0.000 periodic_executor.py:15(<module>)
        4    0.000    0.000    0.000    0.000 uuid.py:121(__init__)
        1    0.000    0.000    0.000    0.000 {built-in method _socket.gethostname}
        1    0.000    0.000    0.000    0.000 read_concern.py:15(<module>)
       19    0.000    0.000    0.000    0.000 {built-in method builtins.vars}
        2    0.000    0.000    0.000    0.000 functools.py:186(total_ordering)
       38    0.000    0.000    0.000    0.000 sre_compile.py:595(isstring)
        1    0.000    0.000    0.000    0.000 datetime.py:2097(timezone)
        9    0.000    0.000    0.000    0.000 {built-in method builtins.round}
        4    0.000    0.000    0.000    0.000 {built-in method _abc._abc_register}
        2    0.000    0.000    0.000    0.000 sre_compile.py:416(_bytes_to_codes)
        1    0.000    0.000    0.000    0.000 __init__.py:1879(getLogger)
        3    0.000    0.000    0.000    0.000 threading.py:216(__init__)
        1    0.000    0.000    0.000    0.000 random.py:174(randrange)
        1    0.000    0.000    0.000    0.000 subprocess.py:1556(_try_wait)
      104    0.000    0.000    0.000    0.000 <frozen importlib._bootstrap_external>:719(create_module)
        1    0.000    0.000    0.000    0.000 objectid.py:40(_fnv_1a_24)
        1    0.000    0.000    0.000    0.000 {built-in method _hashlib.openssl_md5}
        1    0.000    0.000    0.000    0.000 pool.py:886(Pool)
       95    0.000    0.000    0.000    0.000 {method 'lower' of 'str' objects}
        3    0.000    0.000    0.000    0.000 {built-in method posix.close}
        1    0.000    0.000    0.000    0.000 {method 'close' of '_io.TextIOWrapper' objects}
        1    0.000    0.000    0.000    0.000 max_key.py:16(<module>)
       23    0.000    0.000    0.000    0.000 <frozen importlib._bootstrap_external>:1029(__init__)
        1    0.000    0.000    0.000    0.000 os.py:44(<listcomp>)
        1    0.000    0.000    0.000    0.000 genericpath.py:16(exists)
       22    0.000    0.000    0.000    0.000 types.py:164(__get__)
        3    0.000    0.000    0.000    0.000 __init__.py:744(_addHandlerRef)
        1    0.000    0.000    0.000    0.000 idna.py:300(getregentry)
       91    0.000    0.000    0.000    0.000 {method '__contains__' of 'frozenset' objects}
       47    0.000    0.000    0.000    0.000 enum.py:195(<genexpr>)
       19    0.000    0.000    0.000    0.000 sre_parse.py:903(fix_flags)
        1    0.000    0.000    0.000    0.000 py3compat.py:15(<module>)
        1    0.000    0.000    0.000    0.000 min_key.py:16(<module>)
        1    0.000    0.000    0.000    0.000 ssl.py:372(Purpose)
        1    0.000    0.000    0.000    0.000 read_preferences.py:385(ReadPreference)
        1    0.000    0.000    0.000    0.000 pool.py:286(PoolOptions)
        1    0.000    0.000    0.000    0.000 ipaddress.py:1066(_BaseV4)
        1    0.000    0.000    0.000    0.000 ipaddress.py:1877(IPv6Address)
        1    0.000    0.000    0.000    0.000 {built-in method posix.waitpid}
        1    0.000    0.000    0.000    0.000 __init__.py:1303(setLevel)
        2    0.000    0.000    0.000    0.000 <frozen importlib._bootstrap>:433(spec_from_loader)
       46    0.000    0.000    0.000    0.000 abc.py:7(abstractmethod)
        1    0.000    0.000    0.000    0.000 os.py:1016(__getattr__)
        1    0.000    0.000    0.000    0.000 enum.py:881(<listcomp>)
        1    0.000    0.000    0.000    0.000 calendar.py:50(_localized_month)
        1    0.000    0.000    0.000    0.000 base64.py:3(<module>)
        1    0.000    0.000    0.000    0.000 command_cursor.py:33(CommandCursor)
        1    0.000    0.000    0.000    0.000 {built-in method builtins.print}
       19    0.000    0.000    0.000    0.000 sre_parse.py:76(__init__)
        3    0.000    0.000    0.000    0.000 {built-in method _csv.register_dialect}
        1    0.000    0.000    0.000    0.000 __init__.py:1170(getLogger)
        5    0.000    0.000    0.000    0.000 son.py:46(__new__)
        1    0.000    0.000    0.000    0.000 ssl.py:379(SSLContext)
        1    0.000    0.000    0.000    0.000 ssl.py:781(SSLSocket)
        1    0.000    0.000    0.000    0.000 {built-in method pyexpat.ParserCreate}
        2    0.000    0.000    0.000    0.000 <frozen importlib._bootstrap>:740(create_module)
        1    0.000    0.000    0.000    0.000 posixpath.py:154(dirname)
       15    0.000    0.000    0.000    0.000 enum.py:357(__members__)
        1    0.000    0.000    0.000    0.000 __init__.py:1094(__init__)
       24    0.000    0.000    0.000    0.000 tokenize.py:143(<listcomp>)
        1    0.000    0.000    0.000    0.000 cursor.py:106(Cursor)
        5    0.000    0.000    0.000    0.000 datetime.py:395(_check_date_fields)
        2    0.000    0.000    0.000    0.000 __init__.py:463(__init__)
        1    0.000    0.000    0.000    0.000 threading.py:513(set)
        1    0.000    0.000    0.000    0.000 database.py:54(Database)
       14    0.000    0.000    0.000    0.000 plistlib.py:263(handle_begin_element)
       39    0.000    0.000    0.000    0.000 plistlib.py:274(handle_data)
        6    0.000    0.000    0.000    0.000 plistlib.py:337(end_string)
       39    0.000    0.000    0.000    0.000 sre_compile.py:453(_get_iscased)
        1    0.000    0.000    0.000    0.000 numbers.py:32(Complex)
        1    0.000    0.000    0.000    0.000 random.py:72(Random)
        1    0.000    0.000    0.000    0.000 socket.py:546(SocketIO)
        1    0.000    0.000    0.000    0.000 subprocess.py:589(Popen)
       72    0.000    0.000    0.000    0.000 ipaddress.py:417(_check_int_address)
        1    0.000    0.000    0.000    0.000 codecs.py:309(__init__)
       10    0.000    0.000    0.000    0.000 functools.py:67(wraps)
        2    0.000    0.000    0.000    0.000 datetime.py:1176(__new__)
        1    0.000    0.000    0.000    0.000 datetime.py:1488(datetime)
        1    0.000    0.000    0.000    0.000 abc.py:1(<module>)
        1    0.000    0.000    0.000    0.000 random.py:224(_randbelow)
        1    0.000    0.000    0.000    0.000 ssl.py:631(SSLObject)
       25    0.000    0.000    0.000    0.000 ipaddress.py:433(_ip_int_from_prefix)
        6    0.000    0.000    0.000    0.000 plistlib.py:311(end_key)
        1    0.000    0.000    0.000    0.000 posixpath.py:331(normpath)
        2    0.000    0.000    0.000    0.000 _weakrefset.py:38(_remove)
        2    0.000    0.000    0.000    0.000 datetime.py:803(__new__)
        1    0.000    0.000    0.000    0.000 __init__.py:1633(LoggerAdapter)
        1    0.000    0.000    0.000    0.000 idna.py:147(encode)
       18    0.000    0.000    0.000    0.000 {method 'setdefault' of 'dict' objects}
       34    0.000    0.000    0.000    0.000 {method 'pop' of 'dict' objects}
       16    0.000    0.000    0.000    0.000 {built-in method sys._getframe}
       35    0.000    0.000    0.000    0.000 datetime.py:378(_check_int_field)
        5    0.000    0.000    0.000    0.000 datetime.py:408(_check_time_fields)
        2    0.000    0.000    0.000    0.000 {built-in method math.log}
        3    0.000    0.000    0.000    0.000 __init__.py:792(createLock)
        1    0.000    0.000    0.000    0.000 {built-in method now}
        1    0.000    0.000    0.000    0.000 calendar.py:52(<listcomp>)
        1    0.000    0.000    0.000    0.000 socket.py:133(socket)
        1    0.000    0.000    0.000    0.000 pool.py:445(SocketInfo)
       68    0.000    0.000    0.000    0.000 signal.py:17(<lambda>)
        1    0.000    0.000    0.000    0.000 ismaster.py:48(IsMaster)
        1    0.000    0.000    0.000    0.000 ipaddress.py:1462(IPv4Network)
        2    0.000    0.000    0.000    0.000 {built-in method _imp.create_builtin}
        2    0.000    0.000    0.000    0.000 {built-in method _locale.nl_langinfo}
       56    0.000    0.000    0.000    0.000 <frozen importlib._bootstrap_external>:1325(<genexpr>)
        1    0.000    0.000    0.000    0.000 weakref.py:102(__init__)
        3    0.000    0.000    0.000    0.000 _weakrefset.py:81(add)
        1    0.000    0.000    0.000    0.000 datetime.py:645(__neg__)
        1    0.000    0.000    0.000    0.000 datetime.py:773(date)
        1    0.000    0.000    0.000    0.000 numbers.py:147(Real)
        1    0.000    0.000    0.000    0.000 client_options.py:141(ClientOptions)
       94    0.000    0.000    0.000    0.000 ipaddress.py:550(__int__)
        1    0.000    0.000    0.000    0.000 ipaddress.py:598(_BaseNetwork)
       11    0.000    0.000    0.000    0.000 {method 'translate' of 'bytearray' objects}
       15    0.000    0.000    0.000    0.000 {method 'setter' of 'property' objects}
       23    0.000    0.000    0.000    0.000 {built-in method _imp.exec_dynamic}
        2    0.000    0.000    0.000    0.000 functools.py:189(<setcomp>)
        1    0.000    0.000    0.000    0.000 datetime.py:1151(time)
        7    0.000    0.000    0.000    0.000 __init__.py:212(_acquireLock)
        1    0.000    0.000    0.000    0.000 __init__.py:1258(_clear_cache)
        1    0.000    0.000    0.000    0.000 threading.py:358(notify_all)
        1    0.000    0.000    0.000    0.000 client_session.py:267(ClientSession)
       16    0.000    0.000    0.000    0.000 {built-in method sys.intern}
        1    0.000    0.000    0.000    0.000 codecs.py:94(__new__)
        2    0.000    0.000    0.000    0.000 __init__.py:1290(__init__)
        1    0.000    0.000    0.000    0.000 threading.py:739(Thread)
        1    0.000    0.000    0.000    0.000 tz_util.py:31(__init__)
        1    0.000    0.000    0.000    0.000 ipaddress.py:1593(_BaseV6)
        7    0.000    0.000    0.000    0.000 plistlib.py:277(add_object)
        2    0.000    0.000    0.000    0.000 {method 'tolist' of 'memoryview' objects}
       17    0.000    0.000    0.000    0.000 {method 'mro' of 'type' objects}
       36    0.000    0.000    0.000    0.000 {method 'upper' of 'str' objects}
        1    0.000    0.000    0.000    0.000 __init__.py:43(normalize_encoding)
        1    0.000    0.000    0.000    0.000 datetime.py:453(timedelta)
        6    0.000    0.000    0.000    0.000 __init__.py:187(_checkLevel)
        1    0.000    0.000    0.000    0.000 tokenize.py:108(any)
        1    0.000    0.000    0.000    0.000 threading.py:335(notify)
        1    0.000    0.000    0.000    0.000 son.py:32(SON)
        1    0.000    0.000    0.000    0.000 {built-in method _struct.pack}
        1    0.000    0.000    0.000    0.000 numbers.py:294(Integral)
        5    0.000    0.000    0.000    0.000 read_preferences.py:90(__init__)
       12    0.000    0.000    0.000    0.000 plistlib.py:293(get_data)
       72    0.000    0.000    0.000    0.000 {built-in method builtins.abs}
       13    0.000    0.000    0.000    0.000 {built-in method builtins.max}
        1    0.000    0.000    0.000    0.000 {method 'read' of '_io.BufferedReader' objects}
        1    0.000    0.000    0.000    0.000 posixpath.py:75(join)
        2    0.000    0.000    0.000    0.000 sre_parse.py:843(_parse_flags)
        4    0.000    0.000    0.000    0.000 threading.py:1206(current_thread)
        1    0.000    0.000    0.000    0.000 __init__.py:69(get_version_string)
        1    0.000    0.000    0.000    0.000 __init__.py:1275(Logger)
        2    0.000    0.000    0.000    0.000 threading.py:968(_stop)
        1    0.000    0.000    0.000    0.000 calendar.py:148(Calendar)
        1    0.000    0.000    0.000    0.000 dbref.py:23(DBRef)
        1    0.000    0.000    0.000    0.000 decimal128.py:156(Decimal128)
        1    0.000    0.000    0.000    0.000 message.py:837(_BulkWriteContext)
        1    0.000    0.000    0.000    0.000 change_stream.py:40(ChangeStream)
        1    0.000    0.000    0.000    0.000 subprocess.py:831(__del__)
       69    0.000    0.000    0.000    0.000 signal.py:22(<lambda>)
        1    0.000    0.000    0.000    0.000 topology.py:64(Topology)
       18    0.000    0.000    0.000    0.000 {method 'keys' of 'dict' objects}
       45    0.000    0.000    0.000    0.000 {built-in method builtins.divmod}
       18    0.000    0.000    0.000    0.000 {built-in method builtins.globals}
        2    0.000    0.000    0.000    0.000 re.py:252(escape)
        2    0.000    0.000    0.000    0.000 enum.py:898(_power_of_two)
        1    0.000    0.000    0.000    0.000 csv.py:81(DictReader)
        1    0.000    0.000    0.000    0.000 __init__.py:754(Handler)
        2    0.000    0.000    0.000    0.000 __init__.py:1480(addHandler)
        1    0.000    0.000    0.000    0.000 __init__.py:1622(__init__)
        1    0.000    0.000    0.000    0.000 calendar.py:69(_localized_day)
        1    0.000    0.000    0.000    0.000 selectors.py:80(BaseSelector)
        1    0.000    0.000    0.000    0.000 monitoring.py:663(_EventListeners)
       10    0.000    0.000    0.000    0.000 __future__.py:81(__init__)
        1    0.000    0.000    0.000    0.000 results.py:162(BulkWriteResult)
        1    0.000    0.000    0.000    0.000 topology_description.py:32(TopologyDescription)
        1    0.000    0.000    0.000    0.000 settings.py:28(TopologySettings)
        1    0.000    0.000    0.000    0.000 {method 'match' of 're.Pattern' objects}
        1    0.000    0.000    0.000    0.000 {method 'groups' of 're.Match' objects}
        1    0.000    0.000    0.000    0.000 {built-in method _codecs.utf_8_decode}
        2    0.000    0.000    0.000    0.000 <frozen importlib._bootstrap>:748(exec_module)
        1    0.000    0.000    0.000    0.000 os.py:803(fsencode)
        1    0.000    0.000    0.000    0.000 os.py:1000(__init__)
        1    0.000    0.000    0.000    0.000 enum.py:41(_make_class_unpicklable)
        4    0.000    0.000    0.000    0.000 functools.py:445(lru_cache)
        2    0.000    0.000    0.000    0.000 sre_compile.py:432(_generate_overlap_table)
        7    0.000    0.000    0.000    0.000 __init__.py:221(_releaseLock)
        1    0.000    0.000    0.000    0.000 {built-in method math.exp}
        1    0.000    0.000    0.000    0.000 __init__.py:1221(_fixupParents)
        3    0.000    0.000    0.000    0.000 threading.py:240(__enter__)
        3    0.000    0.000    0.000    0.000 threading.py:243(__exit__)
        3    0.000    0.000    0.000    0.000 threading.py:255(_is_owned)
        1    0.000    0.000    0.000    0.000 threading.py:894(_set_tstate_lock)
        1    0.000    0.000    0.000    0.000 max_key.py:19(MaxKey)
        1    0.000    0.000    0.000    0.000 {built-in method _hashlib.openssl_sha1}
        1    0.000    0.000    0.000    0.000 {method 'getrandbits' of '_random.Random' objects}
        1    0.000    0.000    0.000    0.000 hmac.py:26(HMAC)
        1    0.000    0.000    0.000    0.000 parse.py:142(_NetlocResultMixinBase)
        1    0.000    0.000    0.000    0.000 read_preferences.py:203(__init__)
        1    0.000    0.000    0.000    0.000 message.py:1348(_OpReply)
        1    0.000    0.000    0.000    0.000 bulk.py:143(_Bulk)
        1    0.000    0.000    0.000    0.000 subprocess.py:97(TimeoutExpired)
        1    0.000    0.000    0.000    0.000 ipaddress.py:385(_IPAddressBase)
        1    0.000    0.000    0.000    0.000 ipaddress.py:1379(IPv4Interface)
        1    0.000    0.000    0.000    0.000 server.py:26(Server)
        1    0.000    0.000    0.000    0.000 monitor.py:27(Monitor)
        1    0.000    0.000    0.000    0.000 {method 'rstrip' of 'bytes' objects}
        1    0.000    0.000    0.000    0.000 {method 'split' of 'bytes' objects}
        2    0.000    0.000    0.000    0.000 {method 'cast' of 'memoryview' objects}
        1    0.000    0.000    0.000    0.000 {method 'union' of 'set' objects}
        7    0.000    0.000    0.000    0.000 {method 'acquire' of '_thread.RLock' objects}
        3    0.000    0.000    0.000    0.000 posixpath.py:41(_get_sep)
        2    0.000    0.000    0.000    0.000 enum.py:601(__hash__)
       11    0.000    0.000    0.000    0.000 enum.py:619(value)
        1    0.000    0.000    0.000    0.000 enum.py:846(_high_bit)
        5    0.000    0.000    0.000    0.000 datetime.py:425(_check_tzinfo_arg)
        1    0.000    0.000    0.000    0.000 __init__.py:419(Formatter)
        2    0.000    0.000    0.000    0.000 tokenize.py:109(maybe)
        2    0.000    0.000    0.000    0.000 threading.py:728(_newname)
        1    0.000    0.000    0.000    0.000 calendar.py:154(__init__)
        1    0.000    0.000    0.000    0.000 binary.py:120(Binary)
        1    0.000    0.000    0.000    0.000 {built-in method _hashlib.openssl_sha512}
        1    0.000    0.000    0.000    0.000 timestamp.py:27(Timestamp)
        1    0.000    0.000    0.000    0.000 raw_bson.py:25(RawBSONDocument)
        1    0.000    0.000    0.000    0.000 common.py:634(BaseObject)
        1    0.000    0.000    0.000    0.000 auth.py:61(_Cache)
        1    0.000    0.000    0.000    0.000 parse.py:348(_fix_result_transcoding)
        1    0.000    0.000    0.000    0.000 read_preferences.py:84(_ServerMode)
        1    0.000    0.000    0.000    0.000 server_selectors.py:20(Selection)
        1    0.000    0.000    0.000    0.000 write_concern.py:21(WriteConcern)
        1    0.000    0.000    0.000    0.000 cursor.py:1254(RawBatchCursor)
        1    0.000    0.000    0.000    0.000 subprocess.py:60(CalledProcessError)
        1    0.000    0.000    0.000    0.000 ipaddress.py:539(_BaseAddress)
        1    0.000    0.000    0.000    0.000 plistlib.py:247(_PlistParser)
        1    0.000    0.000    0.000    0.000 plistlib.py:489(_is_fmt_xml)
        1    0.000    0.000    0.000    0.000 plistlib.py:699(_BinaryPlistWriter)
        1    0.000    0.000    0.000    0.000 queue.py:255(_PySimpleQueue)
        2    0.000    0.000    0.000    0.000 {method 'translate' of 'str' objects}
        3    0.000    0.000    0.000    0.000 {built-in method builtins.hash}
        2    0.000    0.000    0.000    0.000 {built-in method posix.register_at_fork}
        1    0.000    0.000    0.000    0.000 {built-in method posix.WIFEXITED}
        2    0.000    0.000    0.000    0.000 <frozen importlib._bootstrap>:232(_requires_builtin_wrapper)
        1    0.000    0.000    0.000    0.000 codecs.py:260(__init__)
        1    0.000    0.000    0.000    0.000 posixpath.py:64(isabs)
        9    0.000    0.000    0.000    0.000 _collections_abc.py:392(__subclasshook__)
        2    0.000    0.000    0.000    0.000 enum.py:557(_generate_next_value_)
       11    0.000    0.000    0.000    0.000 enum.py:614(name)
        1    0.000    0.000    0.000    0.000 _weakrefset.py:36(__init__)
        2    0.000    0.000    0.000    0.000 __init__.py:377(__init__)
        1    0.000    0.000    0.000    0.000 {built-in method math.sqrt}
        1    0.000    0.000    0.000    0.000 threading.py:1183(_DummyThread)
        5    0.000    0.000    0.000    0.000 __init__.py:677(__init__)
        1    0.000    0.000    0.000    0.000 traceback.py:223(FrameSummary)
        1    0.000    0.000    0.000    0.000 tokenize.py:217(Untokenizer)
        1    0.000    0.000    0.000    0.000 {method 'toordinal' of 'datetime.date' objects}
        1    0.000    0.000    0.000    0.000 string.py:78(Template)
        4    0.000    0.000    0.000    0.000 threading.py:75(RLock)
        2    0.000    0.000    0.000    0.000 threading.py:249(_release_save)
        1    0.000    0.000    0.000    0.000 threading.py:567(Barrier)
        1    0.000    0.000    0.000    0.000 calendar.py:72(<listcomp>)
        1    0.000    0.000    0.000    0.000 code.py:21(Code)
        1    0.000    0.000    0.000    0.000 {built-in method _hashlib.openssl_sha256}
        1    0.000    0.000    0.000    0.000 {built-in method _hashlib.openssl_sha384}
        1    0.000    0.000    0.000    0.000 regex.py:42(Regex)
        1    0.000    0.000    0.000    0.000 ssl.py:351(_ASN1Object)
        1    0.000    0.000    0.000    0.000 monitoring.py:335(_CommandEvent)
        1    0.000    0.000    0.000    0.000 monitoring.py:403(CommandSucceededEvent)
        1    0.000    0.000    0.000    0.000 monitoring.py:532(TopologyEvent)
        1    0.000    0.000    0.000    0.000 read_preferences.py:191(Primary)
        1    0.000    0.000    0.000    0.000 read_preferences.py:278(__init__)
        1    0.000    0.000    0.000    0.000 read_preferences.py:310(__init__)
        1    0.000    0.000    0.000    0.000 message.py:1439(_OpMsg)
        1    0.000    0.000    0.000    0.000 client_session.py:107(SessionOptions)
        1    0.000    0.000    0.000    0.000 command_cursor.py:305(RawBatchCommandCursor)
        1    0.000    0.000    0.000    0.000 change_stream.py:249(ClusterChangeStream)
        1    0.000    0.000    0.000    0.000 operations.py:188(_UpdateOp)
        1    0.000    0.000    0.000    0.000 ipaddress.py:2057(IPv6Interface)
        1    0.000    0.000    0.000    0.000 plistlib.py:300(begin_dict)
        1    0.000    0.000    0.000    0.000 queue.py:27(Queue)
        1    0.000    0.000    0.000    0.000 response.py:18(Response)
        4    0.000    0.000    0.000    0.000 {method 'count' of 'list' objects}
       21    0.000    0.000    0.000    0.000 {method 'items' of 'dict' objects}
        3    0.000    0.000    0.000    0.000 {method 'values' of 'dict' objects}
        5    0.000    0.000    0.000    0.000 {method 'strip' of 'str' objects}
        1    0.000    0.000    0.000    0.000 {built-in method builtins.sorted}
        2    0.000    0.000    0.000    0.000 {built-in method _imp.exec_builtin}
        3    0.000    0.000    0.000    0.000 {method '__enter__' of '_thread.lock' objects}
        7    0.000    0.000    0.000    0.000 {method 'release' of '_thread.RLock' objects}
        1    0.000    0.000    0.000    0.000 codecs.py:186(__init__)
        1    0.000    0.000    0.000    0.000 posixpath.py:52(normcase)
        1    0.000    0.000    0.000    0.000 weakref.py:288(update)
        1    0.000    0.000    0.000    0.000 csv.py:24(Dialect)
        1    0.000    0.000    0.000    0.000 csv.py:166(Sniffer)
        3    0.000    0.000    0.000    0.000 datetime.py:40(_days_before_year)
        3    0.000    0.000    0.000    0.000 datetime.py:2117(_create)
        1    0.000    0.000    0.000    0.000 __init__.py:672(Filterer)
        1    0.000    0.000    0.000    0.000 __init__.py:940(StreamHandler)
        1    0.000    0.000    0.000    0.000 __init__.py:1159(__init__)
        1    0.000    0.000    0.000    0.000 traceback.py:425(TracebackException)
        1    0.000    0.000    0.000    0.000 string.py:175(Formatter)
        1    0.000    0.000    0.000    0.000 threading.py:88(_RLock)
        2    0.000    0.000    0.000    0.000 threading.py:252(_acquire_restore)
        1    0.000    0.000    0.000    0.000 threading.py:204(Condition)
        1    0.000    0.000    0.000    0.000 __init__.py:996(BSON)
        1    0.000    0.000    0.000    0.000 calendar.py:293(TextCalendar)
        1    0.000    0.000    0.000    0.000 calendar.py:410(HTMLCalendar)
        1    0.000    0.000    0.000    0.000 calendar.py:558(LocaleTextCalendar)
        1    0.000    0.000    0.000    0.000 codec_options.py:29(_raw_document_class)
        1    0.000    0.000    0.000    0.000 numbers.py:267(Rational)
        1    0.000    0.000    0.000    0.000 min_key.py:19(MinKey)
        1    0.000    0.000    0.000    0.000 random.py:667(SystemRandom)
        1    0.000    0.000    0.000    0.000 {built-in method _hashlib.openssl_sha224}
        1    0.000    0.000    0.000    0.000 selectors.py:60(_SelectorMapping)
        1    0.000    0.000    0.000    0.000 selectors.py:206(_BaseSelectorImpl)
        1    0.000    0.000    0.000    0.000 selectors.py:290(SelectSelector)
        1    0.000    0.000    0.000    0.000 selectors.py:341(_PollLikeSelector)
        1    0.000    0.000    0.000    0.000 selectors.py:433(PollSelector)
        1    0.000    0.000    0.000    0.000 selectors.py:506(KqueueSelector)
        2    0.000    0.000    0.000    0.000 tz_util.py:47(dst)
        1    0.000    0.000    0.000    0.000 tz_util.py:23(FixedOffset)
        1    0.000    0.000    0.000    0.000 parse.py:724(Quoter)
        1    0.000    0.000    0.000    0.000 errors.py:25(PyMongoError)
        1    0.000    0.000    0.000    0.000 errors.py:121(OperationFailure)
        1    0.000    0.000    0.000    0.000 ssl.py:153(<dictcomp>)
        1    0.000    0.000    0.000    0.000 <string>:1(__new__)
        1    0.000    0.000    0.000    0.000 monitoring.py:367(CommandStartedEvent)
        1    0.000    0.000    0.000    0.000 monitoring.py:468(_ServerEvent)
        1    0.000    0.000    0.000    0.000 read_concern.py:20(ReadConcern)
        1    0.000    0.000    0.000    0.000 read_preferences.py:241(__init__)
        1    0.000    0.000    0.000    0.000 read_preferences.py:349(__init__)
        1    0.000    0.000    0.000    0.000 write_concern.py:51(__init__)
        1    0.000    0.000    0.000    0.000 message.py:227(_Query)
        1    0.000    0.000    0.000    0.000 message.py:346(_GetMore)
        1    0.000    0.000    0.000    0.000 message.py:432(_CursorAddress)
        1    0.000    0.000    0.000    0.000 bulk.py:565(BulkWriteOperation)
        1    0.000    0.000    0.000    0.000 bulk.py:627(BulkOperationBuilder)
        1    0.000    0.000    0.000    0.000 client_session.py:143(TransactionOptions)
        1    0.000    0.000    0.000    0.000 client_session.py:603(_ServerSessionPool)
        1    0.000    0.000    0.000    0.000 collation.py:93(Collation)
        1    0.000    0.000    0.000    0.000 change_stream.py:213(CollectionChangeStream)
        1    0.000    0.000    0.000    0.000 cursor.py:55(CursorType)
        1    0.000    0.000    0.000    0.000 operations.py:298(IndexModel)
        1    0.000    0.000    0.000    0.000 results.py:20(_WriteResult)
        1    0.000    0.000    0.000    0.000 results.py:56(InsertOneResult)
        1    0.000    0.000    0.000    0.000 results.py:94(UpdateResult)
        1    0.000    0.000    0.000    0.000 database.py:1351(SystemJS)
        1    0.000    0.000    0.000    0.000 periodic_executor.py:25(PeriodicExecutor)
        1    0.000    0.000    0.000    0.000 subprocess.py:213(_cleanup)
        1    0.000    0.000    0.000    0.000 thread_util.py:28(Semaphore)
        1    0.000    0.000    0.000    0.000 plistlib.py:139(Data)
        1    0.000    0.000    0.000    0.000 plistlib.py:305(end_dict)
        1    0.000    0.000    0.000    0.000 plistlib.py:522(InvalidFileException)
        1    0.000    0.000    0.000    0.000 plistlib.py:530(_BinaryPlistParser)
        1    0.000    0.000    0.000    0.000 response.py:64(ExhaustResponse)
        2    0.000    0.000    0.000    0.000 {built-in method maketrans}
        1    0.000    0.000    0.000    0.000 {method 'rfind' of 'bytes' objects}
        1    0.000    0.000    0.000    0.000 {method 'startswith' of 'bytes' objects}
        2    0.000    0.000    0.000    0.000 {method 'insert' of 'list' objects}
        2    0.000    0.000    0.000    0.000 {method 'bit_length' of 'int' objects}
        2    0.000    0.000    0.000    0.000 {method 'clear' of 'dict' objects}
        2    0.000    0.000    0.000    0.000 {method 'copy' of 'dict' objects}
        2    0.000    0.000    0.000    0.000 {method 'discard' of 'set' objects}
        1    0.000    0.000    0.000    0.000 {method 'update' of 'set' objects}
        1    0.000    0.000    0.000    0.000 {method 'rfind' of 'str' objects}
        5    0.000    0.000    0.000    0.000 {built-in method _sre.unicode_iscased}
        4    0.000    0.000    0.000    0.000 {built-in method _sre.ascii_tolower}
        2    0.000    0.000    0.000    0.000 {method 'append' of 'collections.deque' objects}
        2    0.000    0.000    0.000    0.000 {built-in method atexit.register}
        1    0.000    0.000    0.000    0.000 {built-in method time.time}
        4    0.000    0.000    0.000    0.000 {method 'release' of '_thread.lock' objects}
        2    0.000    0.000    0.000    0.000 {method 'locked' of '_thread.lock' objects}
        1    0.000    0.000    0.000    0.000 {built-in method _thread._set_sentinel}
        1    0.000    0.000    0.000    0.000 {method 'seek' of '_io.BufferedReader' objects}
        1    0.000    0.000    0.000    0.000 sre_parse.py:288(seek)
        1    0.000    0.000    0.000    0.000 csv.py:55(excel)
        1    0.000    0.000    0.000    0.000 csv.py:70(unix_dialect)
        1    0.000    0.000    0.000    0.000 {method 'disable' of '_lsprof.Profiler' objects}
        1    0.000    0.000    0.000    0.000 csv.py:131(DictWriter)
        5    0.000    0.000    0.000    0.000 datetime.py:45(_days_in_month)
        1    0.000    0.000    0.000    0.000 datetime.py:1081(tzinfo)
        1    0.000    0.000    0.000    0.000 __init__.py:232(LogRecord)
        1    0.000    0.000    0.000    0.000 __init__.py:371(PercentStyle)
        1    0.000    0.000    0.000    0.000 __init__.py:386(StrFormatStyle)
        1    0.000    0.000    0.000    0.000 __init__.py:395(StringTemplateStyle)
        1    0.000    0.000    0.000    0.000 __init__.py:593(BufferingFormatter)
        1    0.000    0.000    0.000    0.000 __init__.py:635(Filter)
        1    0.000    0.000    0.000    0.000 __init__.py:1019(FileHandler)
        1    0.000    0.000    0.000    0.000 __init__.py:1088(_StderrHandler)
        1    0.000    0.000    0.000    0.000 __init__.py:1112(PlaceHolder)
        1    0.000    0.000    0.000    0.000 __init__.py:1154(Manager)
        1    0.000    0.000    0.000    0.000 __init__.py:1616(RootLogger)
        1    0.000    0.000    0.000    0.000 __init__.py:2008(NullHandler)
        1    0.000    0.000    0.000    0.000 traceback.py:309(StackSummary)
        1    0.000    0.000    0.000    0.000 tokenize.py:94(TokenInfo)
        1    0.000    0.000    0.000    0.000 tokenize.py:212(TokenError)
        1    0.000    0.000    0.000    0.000 {built-in method utcfromtimestamp}
        1    0.000    0.000    0.000    0.000 string.py:55(_TemplateMetaclass)
        1    0.000    0.000    0.000    0.000 threading.py:370(Semaphore)
        1    0.000    0.000    0.000    0.000 threading.py:450(BoundedSemaphore)
        1    0.000    0.000    0.000    0.000 threading.py:488(Event)
        1    0.000    0.000    0.000    0.000 threading.py:721(BrokenBarrierError)
        1    0.000    0.000    0.000    0.000 threading.py:891(_set_ident)
        1    0.000    0.000    0.000    0.000 threading.py:1164(_MainThread)
        1    0.000    0.000    0.000    0.000 calendar.py:24(IllegalMonthError)
        1    0.000    0.000    0.000    0.000 calendar.py:31(IllegalWeekdayError)
        1    0.000    0.000    0.000    0.000 calendar.py:546(different_locale)
        1    0.000    0.000    0.000    0.000 calendar.py:589(LocaleHTMLCalendar)
        1    0.000    0.000    0.000    0.000 binary.py:188(UUIDLegacy)
        1    0.000    0.000    0.000    0.000 codec_options.py:41(CodecOptions)
        1    0.000    0.000    0.000    0.000 numbers.py:12(Number)
        1    0.000    0.000    0.000    0.000 errors.py:18(BSONError)
        1    0.000    0.000    0.000    0.000 int64.py:23(Int64)
       24    0.000    0.000    0.000    0.000 objectid.py:34(<lambda>)
        1    0.000    0.000    0.000    0.000 socket.py:130(_GiveupOnSendfile)
        1    0.000    0.000    0.000    0.000 tz_util.py:41(utcoffset)
        1    0.000    0.000    0.000    0.000 parse.py:126(_ResultMixinStr)
        1    0.000    0.000    0.000    0.000 parse.py:175(_NetlocResultMixinStr)
        1    0.000    0.000    0.000    0.000 parse.py:205(_NetlocResultMixinBytes)
        1    0.000    0.000    0.000    0.000 parse.py:310(DefragResult)
        1    0.000    0.000    0.000    0.000 parse.py:318(SplitResult)
        1    0.000    0.000    0.000    0.000 parse.py:323(ParseResult)
        1    0.000    0.000    0.000    0.000 parse.py:337(SplitResultBytes)
        1    0.000    0.000    0.000    0.000 errors.py:61(AutoReconnect)
        1    0.000    0.000    0.000    0.000 errors.py:116(ConfigurationError)
        1    0.000    0.000    0.000    0.000 errors.py:164(ExecutionTimeout)
        1    0.000    0.000    0.000    0.000 errors.py:174(WriteConcernError)
        1    0.000    0.000    0.000    0.000 errors.py:217(InvalidName)
        1    0.000    0.000    0.000    0.000 monitoring.py:152(_EventListener)
        1    0.000    0.000    0.000    0.000 compression_support.py:88(SnappyContext)
        1    0.000    0.000    0.000    0.000 monitoring.py:156(CommandListener)
        1    0.000    0.000    0.000    0.000 monitoring.py:219(TopologyListener)
        1    0.000    0.000    0.000    0.000 monitoring.py:252(ServerListener)
        1    0.000    0.000    0.000    0.000 monitoring.py:438(CommandFailedEvent)
        1    0.000    0.000    0.000    0.000 monitoring.py:488(ServerDescriptionChangedEvent)
        1    0.000    0.000    0.000    0.000 monitoring.py:514(ServerOpeningEvent)
        1    0.000    0.000    0.000    0.000 monitoring.py:546(TopologyDescriptionChangedEvent)
        1    0.000    0.000    0.000    0.000 monitoring.py:581(TopologyClosedEvent)
        1    0.000    0.000    0.000    0.000 monitoring.py:590(_ServerHeartbeatEvent)
        1    0.000    0.000    0.000    0.000 monitoring.py:605(ServerHeartbeatStartedEvent)
        1    0.000    0.000    0.000    0.000 monitoring.py:614(ServerHeartbeatSucceededEvent)
        1    0.000    0.000    0.000    0.000 monitoring.py:638(ServerHeartbeatFailedEvent)
        1    0.000    0.000    0.000    0.000 driver_info.py:22(DriverInfo)
        1    0.000    0.000    0.000    0.000 read_concern.py:34(__init__)
        5    0.000    0.000    0.000    0.000 read_preferences.py:70(_validate_max_staleness)
        1    0.000    0.000    0.000    0.000 read_preferences.py:219(PrimaryPreferred)
        1    0.000    0.000    0.000    0.000 read_preferences.py:257(Secondary)
        1    0.000    0.000    0.000    0.000 read_preferences.py:448(MovingAverage)
        1    0.000    0.000    0.000    0.000 message.py:409(_RawBatchQuery)
        1    0.000    0.000    0.000    0.000 message.py:422(_RawBatchGetMore)
        1    0.000    0.000    0.000    0.000 bulk.py:63(_Run)
        1    0.000    0.000    0.000    0.000 bulk.py:524(BulkUpsertOperation)
        1    0.000    0.000    0.000    0.000 client_session.py:218(_TransactionContext)
        1    0.000    0.000    0.000    0.000 client_session.py:234(_TxnState)
        1    0.000    0.000    0.000    0.000 client_session.py:581(_ServerSession)
        1    0.000    0.000    0.000    0.000 __future__.py:80(_Feature)
        1    0.000    0.000    0.000    0.000 collation.py:23(CollationStrength)
        1    0.000    0.000    0.000    0.000 collation.py:45(CollationAlternate)
        1    0.000    0.000    0.000    0.000 collation.py:77(CollationCaseFirst)
        1    0.000    0.000    0.000    0.000 change_stream.py:231(DatabaseChangeStream)
        1    0.000    0.000    0.000    0.000 cursor.py:86(_SocketManager)
        1    0.000    0.000    0.000    0.000 operations.py:22(InsertOne)
        1    0.000    0.000    0.000    0.000 operations.py:54(DeleteOne)
        1    0.000    0.000    0.000    0.000 operations.py:95(DeleteMany)
        1    0.000    0.000    0.000    0.000 operations.py:136(ReplaceOne)
        1    0.000    0.000    0.000    0.000 operations.py:224(UpdateOne)
        1    0.000    0.000    0.000    0.000 results.py:72(InsertManyResult)
        1    0.000    0.000    0.000    0.000 results.py:140(DeleteResult)
        1    0.000    0.000    0.000    0.000 son_manipulator.py:42(SONManipulator)
        1    0.000    0.000    0.000    0.000 son_manipulator.py:81(ObjectIdInjector)
        1    0.000    0.000    0.000    0.000 son_manipulator.py:100(ObjectIdShuffler)
        1    0.000    0.000    0.000    0.000 son_manipulator.py:119(NamespaceInjector)
        1    0.000    0.000    0.000    0.000 son_manipulator.py:130(AutoReference)
        1    0.000    0.000    0.000    0.000 platform.py:1065(machine)
        1    0.000    0.000    0.000    0.000 subprocess.py:379(CompletedProcess)
        1    0.000    0.000    0.000    0.000 thread_util.py:77(BoundedSemaphore)
        1    0.000    0.000    0.000    0.000 thread_util.py:90(DummySemaphore)
        1    0.000    0.000    0.000    0.000 ipaddress.py:2144(IPv6Network)
        1    0.000    0.000    0.000    0.000 plistlib.py:248(__init__)
        1    0.000    0.000    0.000    0.000 plistlib.py:351(_DumbXMLWriter)
        1    0.000    0.000    0.000    0.000 plistlib.py:389(_PlistWriter)
        1    0.000    0.000    0.000    0.000 __init__.py:8(<module>)
        1    0.000    0.000    0.000    0.000 idna.py:218(IncrementalEncoder)
        1    0.000    0.000    0.000    0.000 idna.py:253(IncrementalDecoder)
        1    0.000    0.000    0.000    0.000 idna.py:295(StreamReader)
        1    0.000    0.000    0.000    0.000 cursor_manager.py:35(CursorManager)
        1    0.000    0.000    0.000    0.000 queue.py:220(PriorityQueue)
        1    0.000    0.000    0.000    0.000 mongo_replica_set_client.py:22(MongoReplicaSetClient)
        1    0.000    0.000    0.000    0.000 {method 'items' of 'mappingproxy' objects}
        1    0.000    0.000    0.000    0.000 {method 'pop' of 'list' objects}
        4    0.000    0.000    0.000    0.000 {method 'isalnum' of 'str' objects}
        1    0.000    0.000    0.000    0.000 {built-in method posix.WEXITSTATUS}
        4    0.000    0.000    0.000    0.000 {built-in method _sre.ascii_iscased}
        3    0.000    0.000    0.000    0.000 {method '__exit__' of '_thread.lock' objects}
        2    0.000    0.000    0.000    0.000 <frozen importlib._bootstrap>:765(is_package)
        2    0.000    0.000    0.000    0.000 enum.py:892(<lambda>)
        1    0.000    0.000    0.000    0.000 csv.py:65(excel_tab)
        1    0.000    0.000    0.000    0.000 collection.py:58(ReturnDocument)
        2    0.000    0.000    0.000    0.000 __init__.py:859(setFormatter)
        1    0.000    0.000    0.000    0.000 tokenize.py:214(StopTokenizing)
        1    0.000    0.000    0.000    0.000 <string>:1(<module>)
        4    0.000    0.000    0.000    0.000 threading.py:507(is_set)
        2    0.000    0.000    0.000    0.000 threading.py:1096(daemon)
        1    0.000    0.000    0.000    0.000 threading.py:1134(Timer)
        2    0.000    0.000    0.000    0.000 calendar.py:55(__init__)
        2    0.000    0.000    0.000    0.000 calendar.py:74(__init__)
        1    0.000    0.000    0.000    0.000 calendar.py:160(setfirstweekday)
        1    0.000    0.000    0.000    0.000 copy.py:55(Error)
        1    0.000    0.000    0.000    0.000 errors.py:23(InvalidBSON)
        1    0.000    0.000    0.000    0.000 errors.py:28(InvalidStringData)
        1    0.000    0.000    0.000    0.000 errors.py:33(InvalidDocument)
        1    0.000    0.000    0.000    0.000 errors.py:38(InvalidId)
        1    0.000    0.000    0.000    0.000 parse.py:134(_ResultMixinBytes)
        1    0.000    0.000    0.000    0.000 parse.py:329(DefragResultBytes)
        1    0.000    0.000    0.000    0.000 parse.py:342(ParseResultBytes)
        1    0.000    0.000    0.000    0.000 errors.py:47(ProtocolError)
        1    0.000    0.000    0.000    0.000 errors.py:51(ConnectionFailure)
        1    0.000    0.000    0.000    0.000 errors.py:78(NetworkTimeout)
        1    0.000    0.000    0.000    0.000 errors.py:88(NotMasterError)
        1    0.000    0.000    0.000    0.000 errors.py:103(ServerSelectionTimeoutError)
        1    0.000    0.000    0.000    0.000 errors.py:156(CursorNotFound)
        1    0.000    0.000    0.000    0.000 errors.py:181(WriteError)
        1    0.000    0.000    0.000    0.000 errors.py:188(WTimeoutError)
        1    0.000    0.000    0.000    0.000 errors.py:199(DuplicateKeyError)
        1    0.000    0.000    0.000    0.000 errors.py:203(BulkWriteError)
        1    0.000    0.000    0.000    0.000 errors.py:213(InvalidOperation)
        1    0.000    0.000    0.000    0.000 errors.py:221(CollectionInvalid)
        1    0.000    0.000    0.000    0.000 errors.py:225(InvalidURI)
        1    0.000    0.000    0.000    0.000 errors.py:229(ExceededMaxWaiters)
        1    0.000    0.000    0.000    0.000 errors.py:238(DocumentTooLarge)
        1    0.000    0.000    0.000    0.000 compression_support.py:68(CompressionSettings)
        1    0.000    0.000    0.000    0.000 compression_support.py:96(ZlibContext)
        1    0.000    0.000    0.000    0.000 monitoring.py:186(ServerHeartbeatListener)
        1    0.000    0.000    0.000    0.000 monitoring.py:523(ServerClosedEvent)
        1    0.000    0.000    0.000    0.000 monitoring.py:572(TopologyOpenedEvent)
        5    0.000    0.000    0.000    0.000 read_preferences.py:40(_validate_tag_sets)
        1    0.000    0.000    0.000    0.000 read_preferences.py:289(SecondaryPreferred)
        1    0.000    0.000    0.000    0.000 read_preferences.py:328(Nearest)
        1    0.000    0.000    0.000    0.000 core.py:14(DeprecatedBundleWarning)
        1    0.000    0.000    0.000    0.000 client_session.py:243(_Transaction)
        1    0.000    0.000    0.000    0.000 collation.py:64(CollationMaxVariable)
        1    0.000    0.000    0.000    0.000 operations.py:261(UpdateMany)
        1    0.000    0.000    0.000    0.000 subprocess.py:57(SubprocessError)
        1    0.000    0.000    0.000    0.000 subprocess.py:1521(_internal_poll)
        1    0.000    0.000    0.000    0.000 thread_util.py:101(MaxWaitersBoundedSemaphore)
        1    0.000    0.000    0.000    0.000 thread_util.py:118(MaxWaitersBoundedSemaphoreThread)
        1    0.000    0.000    0.000    0.000 network.py:254(SocketChecker)
        1    0.000    0.000    0.000    0.000 ipaddress.py:19(AddressValueError)
        1    0.000    0.000    0.000    0.000 ssl_match_hostname.py:20(CertificateError)
        1    0.000    0.000    0.000    0.000 ipaddress.py:23(NetmaskValueError)
        1    0.000    0.000    0.000    0.000 __init__.py:17(<module>)
        1    0.000    0.000    0.000    0.000 idna.py:146(Codec)
        1    0.000    0.000    0.000    0.000 idna.py:292(StreamWriter)
        1    0.000    0.000    0.000    0.000 queue.py:22(Full)
        1    0.000    0.000    0.000    0.000 queue.py:239(LifoQueue)


